#
# A fatal error has been detected by the Java Runtime Environment:
#
#  EXCEPTION_ACCESS_VIOLATION (0xc0000005) at pc=0x00007ffd4339b3c6, pid=10384, tid=18840
#
# JRE version: Java(TM) SE Runtime Environment (23.0+37) (build 23+37-2369)
# Java VM: Java HotSpot(TM) 64-Bit Server VM (23+37-2369, mixed mode, sharing, tiered, compressed oops, compressed class ptrs, g1 gc, windows-amd64)
# Problematic frame:
# C  [awt.dll+0xdb3c6]
#
# No core dump will be written. Minidumps are not enabled by default on client versions of Windows
#
# If you would like to submit a bug report, please visit:
#   https://bugreport.java.com/bugreport/crash.jsp
# The crash happened outside the Java Virtual Machine in native code.
# See problematic frame for where to report the bug.
#

---------------  S U M M A R Y ------------

Command Line: -Dfile.encoding=UTF-8 -Dstdout.encoding=UTF-8 -Dstderr.encoding=UTF-8 -XX:+ShowCodeDetailsInExceptionMessages controlador.Main

Host: 12th Gen Intel(R) Core(TM) i7-12700H, 20 cores, 31G,  Windows 10 , 64 bit Build 19041 (10.0.19041.4957)
Time: Tue Oct  1 18:12:33 2024 Hora de verano romance elapsed time: 66.964242 seconds (0d 0h 1m 6s)

---------------  T H R E A D  ---------------

Current thread (0x0000021d9a51f950):  JavaThread "AWT-EventQueue-0"        [_thread_in_native, id=18840, stack(0x000000b3c4d00000,0x000000b3c4e00000) (1024K)]

Stack: [0x000000b3c4d00000,0x000000b3c4e00000],  sp=0x000000b3c4dfef10,  free space=1019k
Native frames: (J=compiled Java code, j=interpreted, Vv=VM code, C=native code)
C  [awt.dll+0xdb3c6]  (no source info available)
C  [awt.dll+0xdcc02]  (no source info available)
C  0x0000021d3e31d207  (no source info available)

The last pc belongs to native method entry point (kind = native) (printed below).
Java frames: (J=compiled Java code, j=interpreted, Vv=VM code)
j  sun.awt.Win32GraphicsDevice.initNativeScale(I)V+0 java.desktop@23
j  sun.awt.Win32GraphicsDevice.initScaleFactors()V+60 java.desktop@23
j  sun.awt.Win32GraphicsDevice.displayChanged()V+16 java.desktop@23
j  sun.java2d.d3d.D3DGraphicsDevice.displayChanged()V+1 java.desktop@23
j  sun.awt.Win32GraphicsEnvironment.displayChanged()V+271 java.desktop@23
j  sun.awt.windows.WToolkit.lambda$displayChanged$4()V+15 java.desktop@23
j  sun.awt.windows.WToolkit$$Lambda+0x0000021d550e2410.run()V+0 java.desktop@23
j  java.awt.event.InvocationEvent.dispatch()V+47 java.desktop@23
j  java.awt.EventQueue.dispatchEventImpl(Ljava/awt/AWTEvent;Ljava/lang/Object;)V+21 java.desktop@23
j  java.awt.EventQueue$4.run()Ljava/lang/Void;+32 java.desktop@23
j  java.awt.EventQueue$4.run()Ljava/lang/Object;+1 java.desktop@23
J 976 c1 java.security.AccessController.doPrivileged(Ljava/security/PrivilegedAction;Ljava/security/AccessControlContext;)Ljava/lang/Object; java.base@23 (17 bytes) @ 0x0000021d36fda3ec [0x0000021d36fda200+0x00000000000001ec]
j  java.security.ProtectionDomain$JavaSecurityAccessImpl.doIntersectionPrivilege(Ljava/security/PrivilegedAction;Ljava/security/AccessControlContext;Ljava/security/AccessControlContext;)Ljava/lang/Object;+18 java.base@23
j  java.awt.EventQueue.dispatchEvent(Ljava/awt/AWTEvent;)V+46 java.desktop@23
j  java.awt.EventDispatchThread.pumpOneEventForFilters(I)V+81 java.desktop@23
j  java.awt.EventDispatchThread.pumpEventsForFilter(ILjava/awt/Conditional;Ljava/awt/EventFilter;)V+35 java.desktop@23
j  java.awt.EventDispatchThread.pumpEventsForHierarchy(ILjava/awt/Conditional;Ljava/awt/Component;)V+11 java.desktop@23
j  java.awt.EventDispatchThread.pumpEvents(ILjava/awt/Conditional;)V+4 java.desktop@23
j  java.awt.EventDispatchThread.pumpEvents(Ljava/awt/Conditional;)V+3 java.desktop@23
j  java.awt.EventDispatchThread.run()V+9 java.desktop@23
v  ~StubRoutines::call_stub 0x0000021d3e310fcd

siginfo: EXCEPTION_ACCESS_VIOLATION (0xc0000005), reading address 0x00000078000000c8


Registers:
RAX=0x0000007800000078, RBX=0x0000021d9a59e3e0, RCX=0x0000007800000078, RDX=0x0000000000000000
RSP=0x000000b3c4dfef10, RBP=0x000000b3c4dfeff0, RSI=0x0000000000000000, RDI=0x0000000000000000
R8 =0x0000000000000001, R9 =0x00000000000000dd, R10=0x0000021d3e31d1d8, R11=0x0000000000000100
R12=0x0000000000000000, R13=0x0000021d95221640, R14=0x000000b3c4dff018, R15=0x0000021d9a51f950
RIP=0x00007ffd4339b3c6, EFLAGS=0x0000000000010202


Register to memory mapping:

RAX=0x0000007800000078 is an unknown value
RBX=0x0000021d9a59e3e0 points into unknown readable memory: 0x0000021d9a5842c0 | c0 42 58 9a 1d 02 00 00
RCX=0x0000007800000078 is an unknown value
RDX=0x0 is null
RSP=0x000000b3c4dfef10 is pointing into the stack for thread: 0x0000021d9a51f950
RBP=0x000000b3c4dfeff0 is pointing into the stack for thread: 0x0000021d9a51f950
RSI=0x0 is null
RDI=0x0 is null
R8 =0x0000000000000001 is an unknown value
R9 =0x00000000000000dd is an unknown value
R10=0x0000021d3e31d1d8 is at code_begin+1016 in an Interpreter codelet
native method entry point (kind = native)  [0x0000021d3e31cde0, 0x0000021d3e31d938]  2904 bytes
R11=0x0000000000000100 is an unknown value
R12=0x0 is null
R13={method} {0x0000021d95221648} 'initNativeScale' '(I)V' in 'sun/awt/Win32GraphicsDevice'
R14=0x000000b3c4dff018 is pointing into the stack for thread: 0x0000021d9a51f950
R15=0x0000021d9a51f950 is a thread

Top of Stack: (sp=0x000000b3c4dfef10)
0x000000b3c4dfef10:   0000021d95469de8 00007ffcf74719ec
0x000000b3c4dfef20:   0000021d9a59e3e0 0000000000000000
0x000000b3c4dfef30:   0000021d9a59e3e0 00007ffd4339cc02
0x000000b3c4dfef40:   00007ffd433f9838 0000021d95221640
0x000000b3c4dfef50:   000000b3c4dff000 0000021d52cedf50
0x000000b3c4dfef60:   0000021d3e31889a 0000021d3e31d207
0x000000b3c4dfef70:   0000021d95221640 0000000000000001
0x000000b3c4dfef80:   0000021d9a51f950 0000021d3e31889a
0x000000b3c4dfef90:   0000000000000000 00007ffcf78e3c39
0x000000b3c4dfefa0:   000000b3c4dff0e0 fffffffffffffff7
0x000000b3c4dfefb0:   0000000000000000 0000000000000005
0x000000b3c4dfefc0:   0000021d95224d38 0000000000000000
0x000000b3c4dfefd0:   0000000624427a58 0000021d95221640
0x000000b3c4dfefe0:   0000000000000000 000000b3c4dff010
0x000000b3c4dfeff0:   000000b3c4dff068 0000021d3e318700
0x000000b3c4dff000:   0000000000000000 0000021d3e31a5d7
0x000000b3c4dff010:   0000000000000000 0000000624436be8
0x000000b3c4dff020:   fffffffffffffff7 0000021d95221c94
0x000000b3c4dff030:   0000000000000002 0000021d95224d38
0x000000b3c4dff040:   0000000000000000 0000000624427a58
0x000000b3c4dff050:   0000021d95221ce0 fffffffffffffff5
0x000000b3c4dff060:   000000b3c4dff078 000000b3c4dff0c8
0x000000b3c4dff070:   0000021d3e318700 0000000624436be8
0x000000b3c4dff080:   fffffffffffffff7 0000021d95223558
0x000000b3c4dff090:   0000000000000003 0000021d95224d38
0x000000b3c4dff0a0:   0000000000000000 0000000624427a58
0x000000b3c4dff0b0:   0000021d952235a0 fffffffffffffff6
0x000000b3c4dff0c0:   000000b3c4dff0e0 000000b3c4dff130
0x000000b3c4dff0d0:   0000021d3e318700 0000000000000000
0x000000b3c4dff0e0:   0000000624436be8 fffffffffffffff7
0x000000b3c4dff0f0:   0000021d9521fc59 0000000000000002
0x000000b3c4dff100:   0000021d952255a0 0000000000000000 

Instructions: (pc=0x00007ffd4339b3c6)
0x00007ffd4339b2c6:   11 45 d4 0f 11 45 e4 0f 11 45 f4 89 45 04 c7 45
0x00007ffd4339b2d6:   a0 68 00 00 00 0f 11 44 24 34 0f 11 44 24 44 0f
0x00007ffd4339b2e6:   11 44 24 54 0f 11 44 24 64 0f 11 44 24 74 0f 11
0x00007ffd4339b2f6:   45 84 89 45 94 c7 44 24 30 68 00 00 00 48 8d 55
0x00007ffd4339b306:   a0 49 8b ce ff 15 08 76 06 00 85 c0 74 41 48 8d
0x00007ffd4339b316:   54 24 30 48 8b ce ff 15 f6 75 06 00 85 c0 74 2f
0x00007ffd4339b326:   48 8d 54 24 34 48 8d 4d a4 ff 15 0b 75 06 00 85
0x00007ffd4339b336:   c0 74 1c 48 8d 54 24 44 48 8d 4d b4 ff 15 f8 74
0x00007ffd4339b346:   06 00 85 c0 74 09 8b 44 24 54 39 45 c4 74 11 ff
0x00007ffd4339b356:   c7 3b 7b 0c 0f 8c 40 ff ff ff 8b 3d 1a b0 06 00
0x00007ffd4339b366:   48 8b cb e8 f2 ca f4 ff 90 8b c7 48 8b 4d 10 48
0x00007ffd4339b376:   33 cc e8 93 01 01 00 4c 8d 9c 24 20 01 00 00 49
0x00007ffd4339b386:   8b 5b 28 49 8b 73 30 49 8b e3 41 5e 5f 5d c3 cc
0x00007ffd4339b396:   cc cc cc cc cc cc cc cc cc cc 48 8b 41 08 48 8b
0x00007ffd4339b3a6:   80 18 0c 00 00 c3 cc cc cc cc 48 8b 41 08 48 05
0x00007ffd4339b3b6:   00 04 00 00 c3 cc cc cc cc cc 40 53 48 83 ec 20
0x00007ffd4339b3c6:   83 79 50 00 48 8b d9 75 56 48 8b 49 28 4c 8d 44
0x00007ffd4339b3d6:   24 38 48 8d 54 24 30 c7 44 24 30 00 00 80 bf c7
0x00007ffd4339b3e6:   44 24 38 00 00 80 bf e8 1e e1 00 00 f3 0f 10 54
0x00007ffd4339b3f6:   24 30 0f 57 c0 0f 2f d0 76 25 f3 0f 10 4c 24 38
0x00007ffd4339b406:   0f 2f c8 76 1a f3 0f 5e 15 f9 a8 02 00 f3 0f 5e
0x00007ffd4339b416:   0d f1 a8 02 00 f3 0f 11 53 48 f3 0f 11 4b 4c 48
0x00007ffd4339b426:   83 c4 20 5b c3 cc cc cc cc cc 48 89 5c 24 10 48
0x00007ffd4339b436:   89 74 24 18 57 41 56 41 57 48 83 ec 40 48 8b d9
0x00007ffd4339b446:   48 83 79 18 00 75 14 b9 28 04 00 00 e8 19 97 00
0x00007ffd4339b456:   00 48 89 43 18 c7 00 28 00 00 00 48 8b 43 18 33
0x00007ffd4339b466:   ff 66 89 78 0e 48 8b 4b 28 e8 5c 03 00 00 48 8b
0x00007ffd4339b476:   f0 41 bf 01 00 00 00 45 8b c7 41 8b d7 48 8b c8
0x00007ffd4339b486:   ff 15 34 71 06 00 4c 8b f0 89 7c 24 30 48 8b 4b
0x00007ffd4339b496:   18 48 89 4c 24 28 48 89 7c 24 20 45 8b cf 45 33
0x00007ffd4339b4a6:   c0 48 8b d0 48 8b ce ff 15 2d 70 06 00 48 8b 53
0x00007ffd4339b4b6:   30 48 8b 0b 8b 05 c4 ae 06 00 83 79 04 08 0f 8e 


Stack slot to memory mapping:

stack at sp + 0 slots: 0x0000021d95469de8 is pointing into metadata
stack at sp + 1 slots: 0x00007ffcf74719ec jvm.dll
stack at sp + 2 slots: 0x0000021d9a59e3e0 points into unknown readable memory: 0x0000021d9a5842c0 | c0 42 58 9a 1d 02 00 00
stack at sp + 3 slots: 0x0 is null
stack at sp + 4 slots: 0x0000021d9a59e3e0 points into unknown readable memory: 0x0000021d9a5842c0 | c0 42 58 9a 1d 02 00 00
stack at sp + 5 slots: 0x00007ffd4339cc02 awt.dll
stack at sp + 6 slots: 0x00007ffd433f9838 awt.dll
stack at sp + 7 slots: {method} {0x0000021d95221648} 'initNativeScale' '(I)V' in 'sun/awt/Win32GraphicsDevice'

Lock stack of current Java thread (top to bottom):

native method entry point (kind = native)  [0x0000021d3e31cde0, 0x0000021d3e31d938]  2904 bytes
[MachCode]
  0x0000021d3e31cde0: 488b 4b08 | 0fb7 492e | 584c 8d74 | ccf8 6800 | 0000 0068 | 0000 0000 | 5055 488b | ec41 5568 
  0x0000021d3e31ce00: 0000 0000 | 4c8b 6b08 | 4d8d 6d38 | 5348 8b53 | 0848 8b52 | 0848 8b52 | 1848 8b52 | 7048 8b12 
  0x0000021d3e31ce20: 5248 8b53 | 1048 85d2 | 0f84 0700 | 0000 4881 | c210 0100 | 0052 488b | 5308 488b | 5208 488b 
  0x0000021d3e31ce40: 5210 5249 | 8bc6 482b | c548 c1e8 | 0350 6800 | 0000 0068 | f7ff ffff | 41c6 8771 | 0400 0001 
  0x0000021d3e31ce60: 488b 4310 | 4885 c074 | 208b 88cc | 0000 0083 | c102 8988 | cc00 0000 | 2388 e000 | 0000 0f84 
  0x0000021d3e31ce80: 000a 0000 | e9cf 0000 | 0048 8b43 | 1848 85c0 | 0f85 b000 | 0000 e805 | 0000 00e9 | 9900 0000 
  0x0000021d3e31cea0: 488b d348 | 8d44 2408 | 4c89 6dc0 | 498b cfc5 | f877 4989 | afb0 0300 | 0049 8987 | a003 0000 
  0x0000021d3e31cec0: 4883 ec20 | 40f6 c40f | 0f84 1900 | 0000 4883 | ec08 48b8 | 9026 62f7 | fc7f 0000 | ffd0 4883 
  0x0000021d3e31cee0: c408 e90c | 0000 0048 | b890 2662 | f7fc 7f00 | 00ff d048 | 83c4 2049 | c787 a003 | 0000 0000 
  0x0000021d3e31cf00: 0000 49c7 | 87b0 0300 | 0000 0000 | 0049 c787 | a803 0000 | 0000 0000 | c5f8 7749 | 837f 0800 
  0x0000021d3e31cf20: 0f84 0500 | 0000 e995 | 3fff ff4c | 8b6d c04c | 8b75 c84e | 8d74 f500 | c348 8b43 | 1848 85c0 
  0x0000021d3e31cf40: 0f84 1200 | 0000 8b48 | 0883 c102 | 8948 0823 | 481c 0f84 | 2c09 0000 | 493b a7e8 | 0400 000f 
  0x0000021d3e31cf60: 8748 0000 | 0089 8424 | 00f0 ffff | 8984 2400 | e0ff ff89 | 8424 00d0 | ffff 8984 | 2400 c0ff 
  0x0000021d3e31cf80: ff89 8424 | 00b0 ffff | 8984 2400 | a0ff ff89 | 8424 0090 | ffff 8984 | 2400 80ff | ff49 3ba7 
  0x0000021d3e31cfa0: e004 0000 | 7607 4989 | a7e8 0400 | 0041 c687 | 7104 0000 | 0049 ba41 | ade9 f7fc | 7f00 0041 
  0x0000021d3e31cfc0: 803a 000f | 843e 0000 | 0048 8b55 | e849 8bcf | 4883 ec20 | 40f6 c40f | 0f84 1900 | 0000 4883 
  0x0000021d3e31cfe0: ec08 48b8 | 00ee 99f7 | fc7f 0000 | ffd0 4883 | c408 e90c | 0000 0048 | b800 ee99 | f7fc 7f00 
  0x0000021d3e31d000: 00ff d048 | 83c4 2048 | 8b5d e84c | 8b5b 0845 | 0fb7 5b2e | 41c1 e303 | 492b e348 | 83ec 2048 
  0x0000021d3e31d020: 83e4 f04c | 8b5b 604d | 85db 0f85 | ab00 0000 | e805 0000 | 00e9 9900 | 0000 488b | d348 8d44 
  0x0000021d3e31d040: 2408 4c89 | 6dc0 498b | cfc5 f877 | 4989 afb0 | 0300 0049 | 8987 a003 | 0000 4883 | ec20 40f6 
  0x0000021d3e31d060: c40f 0f84 | 1900 0000 | 4883 ec08 | 48b8 f04d | 62f7 fc7f | 0000 ffd0 | 4883 c408 | e90c 0000 
  0x0000021d3e31d080: 0048 b8f0 | 4d62 f7fc | 7f00 00ff | d048 83c4 | 2049 c787 | a003 0000 | 0000 0000 | 49c7 87b0 
  0x0000021d3e31d0a0: 0300 0000 | 0000 0049 | c787 a803 | 0000 0000 | 0000 c5f8 | 7749 837f | 0800 0f84 | 0500 0000 
  0x0000021d3e31d0c0: e9fb 3dff | ff4c 8b6d | c04c 8b75 | c84e 8d74 | f500 c348 | 8b5d e84c | 8b5b 6041 | ffd3 488b 
  0x0000021d3e31d0e0: 5de8 4889 | 4518 448b | 5b28 41f6 | c308 0f84 | 1b00 0000 | 4c8b 5b08 | 4d8b 5b08 | 4d8b 5b18 
  0x0000021d3e31d100: 4d8b 5b70 | 4d8b 1b4c | 895d 1048 | 8d55 1048 | 8b43 5849 | ba50 3c9a | f7fc 7f00 | 0049 3bc2 
  0x0000021d3e31d120: 0f85 ab00 | 0000 e805 | 0000 00e9 | 9900 0000 | 488b d348 | 8d44 2408 | 4c89 6dc0 | 498b cfc5 
  0x0000021d3e31d140: f877 4989 | afb0 0300 | 0049 8987 | a003 0000 | 4883 ec20 | 40f6 c40f | 0f84 1900 | 0000 4883 
  0x0000021d3e31d160: ec08 48b8 | f04d 62f7 | fc7f 0000 | ffd0 4883 | c408 e90c | 0000 0048 | b8f0 4d62 | f7fc 7f00 
  0x0000021d3e31d180: 00ff d048 | 83c4 2049 | c787 a003 | 0000 0000 | 0000 49c7 | 87b0 0300 | 0000 0000 | 0049 c787 
  0x0000021d3e31d1a0: a803 0000 | 0000 0000 | c5f8 7749 | 837f 0800 | 0f84 0500 | 0000 e905 | 3dff ff4c | 8b6d c04c 
  0x0000021d3e31d1c0: 8b75 c84e | 8d74 f500 | c348 8b5d | e848 8b43 | 5849 8d8f | c003 0000 | c5f8 7749 | 89af b003 
  0x0000021d3e31d1e0: 0000 49ba | d8d1 313e | 1d02 0000 | 4d89 97a8 | 0300 0049 | 89a7 a003 | 0000 41c7 | 8744 0400 
  0x0000021d3e31d200: 0004 0000 | 00ff d0c5 | f877 4883 | ec10 c5fb | 1104 2448 | 83ec 1048 | 8904 2448 | c744 2408 
  0x0000021d3e31d220: 0000 0000 | 41c7 8744 | 0400 0005 | 0000 00f0 | 8344 24c0 | 0049 3baf | 4804 0000 | 0f87 0e00 
  0x0000021d3e31d240: 0000 4183 | bf40 0400 | 0000 0f84 | 2000 0000 | 498b cf4c | 8be4 4883 | ec20 4883 | e4f0 48b8 
  0x0000021d3e31d260: 90a9 63f7 | fc7f 0000 | ffd0 498b | e44d 33e4 | 41c7 8744 | 0400 0008 | 0000 0049 | c787 a003 
  0x0000021d3e31d280: 0000 0000 | 0000 49c7 | 87b0 0300 | 0000 0000 | 0049 c787 | a803 0000 | 0000 0000 | c5f8 774d 
  0x0000021d3e31d2a0: 8b9f 3004 | 0000 41c7 | 8300 0100 | 0000 0000 | 0049 bbda | a531 3e1d | 0200 004c | 3b5d 180f 
  0x0000021d3e31d2c0: 8524 0200 | 0048 8b04 | 2448 83c4 | 1048 85c0 | 0f84 fe01 | 0000 a803 | 0f85 0800 | 0000 488b 
  0x0000021d3e31d2e0: 00e9 ee01 | 0000 a801 | 0f85 0900 | 0000 488b | 40fe e9dd | 0100 0048 | 8b40 ff41 | 807f 3800 
  0x0000021d3e31d300: 0f84 ce01 | 0000 4883 | f800 0f84 | c401 0000 | 4d8b 5f28 | 4983 fb00 | 0f84 1400 | 0000 4983 
  0x0000021d3e31d320: eb08 4d89 | 5f28 4d03 | 5f30 4989 | 03e9 a201 | 0000 4881 | ecd0 0000 | 0048 8904 | 2448 894c 
  0x0000021d3e31d340: 2408 4889 | 5424 1048 | 8974 2418 | 4889 7c24 | 204c 8944 | 2428 4c89 | 4c24 304c | 8954 2438 
  0x0000021d3e31d360: 4c89 5c24 | 40c5 fb11 | 4424 50c5 | fb11 4c24 | 58c5 fb11 | 5424 60c5 | fb11 5c24 | 68c5 fb11 
  0x0000021d3e31d380: 6424 70c5 | fb11 6c24 | 78c5 fb11 | b424 8000 | 0000 c5fb | 11bc 2488 | 0000 00c5 | 7b11 8424 
  0x0000021d3e31d3a0: 9000 0000 | c57b 118c | 2498 0000 | 00c5 7b11 | 9424 a000 | 0000 c57b | 119c 24a8 | 0000 00c5 
  0x0000021d3e31d3c0: 7b11 a424 | b000 0000 | c57b 11ac | 24b8 0000 | 00c5 7b11 | b424 c000 | 0000 c57b | 11bc 24c8 
  0x0000021d3e31d3e0: 0000 0049 | 8bd7 488b | c848 83ec | 2040 f6c4 | 0f0f 8419 | 0000 0048 | 83ec 0848 | b8e0 0757 
  0x0000021d3e31d400: f7fc 7f00 | 00ff d048 | 83c4 08e9 | 0c00 0000 | 48b8 e007 | 57f7 fc7f | 0000 ffd0 | 4883 c420 
  0x0000021d3e31d420: c57b 10bc | 24c8 0000 | 00c5 7b10 | b424 c000 | 0000 c57b | 10ac 24b8 | 0000 00c5 | 7b10 a424 
  0x0000021d3e31d440: b000 0000 | c57b 109c | 24a8 0000 | 00c5 7b10 | 9424 a000 | 0000 c57b | 108c 2498 | 0000 00c5 
  0x0000021d3e31d460: 7b10 8424 | 9000 0000 | c5fb 10bc | 2488 0000 | 00c5 fb10 | b424 8000 | 0000 c5fb | 106c 2478 
  0x0000021d3e31d480: c5fb 1064 | 2470 c5fb | 105c 2468 | c5fb 1054 | 2460 c5fb | 104c 2458 | c5fb 1044 | 2450 4c8b 
  0x0000021d3e31d4a0: 5c24 404c | 8b54 2438 | 4c8b 4c24 | 304c 8b44 | 2428 488b | 7c24 2048 | 8b74 2418 | 488b 5424 
  0x0000021d3e31d4c0: 1048 8b4c | 2408 488b | 0424 4881 | c4d0 0000 | 00c5 f877 | 4889 4510 | 4883 ec10 | 4889 0424 
  0x0000021d3e31d4e0: 48c7 4424 | 0800 0000 | 0041 83bf | c804 0000 | 020f 85bf | 0000 0048 | 81ec 8000 | 0000 4889 
  0x0000021d3e31d500: 4424 7848 | 894c 2470 | 4889 5424 | 6848 895c | 2460 4889 | 6c24 5048 | 8974 2448 | 4889 7c24 
  0x0000021d3e31d520: 404c 8944 | 2438 4c89 | 4c24 304c | 8954 2428 | 4c89 5c24 | 204c 8964 | 2418 4c89 | 6c24 104c 
  0x0000021d3e31d540: 8974 2408 | 4c89 3c24 | 4c8b e448 | 83ec 2048 | 83e4 f048 | b8b0 229a | f7fc 7f00 | 00ff d049 
  0x0000021d3e31d560: 8be4 4c8b | 3c24 4c8b | 7424 084c | 8b6c 2410 | 4c8b 6424 | 184c 8b5c | 2420 4c8b | 5424 284c 
  0x0000021d3e31d580: 8b4c 2430 | 4c8b 4424 | 3848 8b7c | 2440 488b | 7424 4848 | 8b6c 2450 | 488b 5c24 | 6048 8b54 
  0x0000021d3e31d5a0: 2468 488b | 4c24 7048 | 8b44 2478 | 4881 c480 | 0000 004d | 33e4 488b | 5de8 4c8b | 6b08 4d8d 
  0x0000021d3e31d5c0: 6d38 4983 | 7f08 000f | 84bb 0000 | 00e8 0500 | 0000 e996 | 0000 0048 | 8d44 2408 | 4c89 6dc0 
  0x0000021d3e31d5e0: 498b cfc5 | f877 4989 | afb0 0300 | 0049 8987 | a003 0000 | 4883 ec20 | 40f6 c40f | 0f84 1900 
  0x0000021d3e31d600: 0000 4883 | ec08 48b8 | 006c 62f7 | fc7f 0000 | ffd0 4883 | c408 e90c | 0000 0048 | b800 6c62 
  0x0000021d3e31d620: f7fc 7f00 | 00ff d048 | 83c4 2049 | c787 a003 | 0000 0000 | 0000 49c7 | 87b0 0300 | 0000 0000 
  0x0000021d3e31d640: 0049 c787 | a803 0000 | 0000 0000 | c5f8 7749 | 837f 0800 | 0f84 0500 | 0000 e961 | 38ff ff4c 
  0x0000021d3e31d660: 8b6d c04c | 8b75 c84e | 8d74 f500 | c348 b940 | d5c1 f7fc | 7f00 0048 | 83e4 f048 | b860 4a88 
  0x0000021d3e31d680: f7fc 7f00 | 00ff d0f4 | 448b 5b28 | 41f6 c320 | 0f84 7901 | 0000 488d | 55a8 4c8b | 5a08 4d85 
  0x0000021d3e31d6a0: db0f 85bb | 0000 00e8 | 0500 0000 | e996 0000 | 0048 8d44 | 2408 4c89 | 6dc0 498b | cfc5 f877 
  0x0000021d3e31d6c0: 4989 afb0 | 0300 0049 | 8987 a003 | 0000 4883 | ec20 40f6 | c40f 0f84 | 1900 0000 | 4883 ec08 
  0x0000021d3e31d6e0: 48b8 306b | 62f7 fc7f | 0000 ffd0 | 4883 c408 | e90c 0000 | 0048 b830 | 6b62 f7fc | 7f00 00ff 
  0x0000021d3e31d700: d048 83c4 | 2049 c787 | a003 0000 | 0000 0000 | 49c7 87b0 | 0300 0000 | 0000 0049 | c787 a803 
  0x0000021d3e31d720: 0000 0000 | 0000 c5f8 | 7749 837f | 0800 0f84 | 0500 0000 | e987 37ff | ff4c 8b6d | c04c 8b75 
  0x0000021d3e31d740: c84e 8d74 | f500 c348 | b940 d5c1 | f7fc 7f00 | 0048 83e4 | f048 b860 | 4a88 f7fc | 7f00 00ff 
  0x0000021d3e31d760: d0f4 4c89 | 6dc0 4c8b | 4a08 48c7 | 4208 0000 | 0000 458b | 8718 0600 | 004f 3b4c | 07f8 0f85 
  0x0000021d3e31d780: 4900 0000 | 4183 af18 | 0600 0008 | 4f3b 4c07 | f00f 842a | 0000 0049 | 8b01 a802 | 0f85 1200 
  0x0000021d3e31d7a0: 0000 4c8b | c049 83c8 | 01f0 4d0f | b101 0f84 | 0d00 0000 | 4183 8718 | 0600 0008 | e90c 0000 
  0x0000021d3e31d7c0: 0049 ff8f | 5005 0000 | e93e 0000 | 004c 894a | 0848 8bca | 4883 ec20 | 40f6 c40f | 0f84 1900 
  0x0000021d3e31d7e0: 0000 4883 | ec08 48b8 | f03d 62f7 | fc7f 0000 | ffd0 4883 | c408 e90c | 0000 0048 | b8f0 3d62 
  0x0000021d3e31d800: f7fc 7f00 | 00ff d048 | 83c4 204c | 8b6d c049 | ba41 ade9 | f7fc 7f00 | 0041 803a | 000f 843e 
  0x0000021d3e31d820: 0000 0048 | 8b55 e849 | 8bcf 4883 | ec20 40f6 | c40f 0f84 | 1900 0000 | 4883 ec08 | 48b8 00ee 
  0x0000021d3e31d840: 99f7 fc7f | 0000 ffd0 | 4883 c408 | e90c 0000 | 0048 b800 | ee99 f7fc | 7f00 00ff | d048 83c4 
  0x0000021d3e31d860: 2048 8b04 | 2448 83c4 | 10c5 fb10 | 0424 4883 | c410 4c8b | 5d18 41ff | d34c 8b5d | f8c9 5f49 
  0x0000021d3e31d880: 8be3 ffe7 | ba00 0000 | 00e8 0500 | 0000 e996 | 0000 0048 | 8d44 2408 | 4c89 6dc0 | 498b cfc5 
  0x0000021d3e31d8a0: f877 4989 | afb0 0300 | 0049 8987 | a003 0000 | 4883 ec20 | 40f6 c40f | 0f84 1900 | 0000 4883 
  0x0000021d3e31d8c0: ec08 48b8 | a031 62f7 | fc7f 0000 | ffd0 4883 | c408 e90c | 0000 0048 | b8a0 3162 | f7fc 7f00 
  0x0000021d3e31d8e0: 00ff d048 | 83c4 2049 | c787 a003 | 0000 0000 | 0000 49c7 | 87b0 0300 | 0000 0000 | 0049 c787 
  0x0000021d3e31d900: a803 0000 | 0000 0000 | c5f8 7749 | 837f 0800 | 0f84 0500 | 0000 e9a5 | 35ff ff4c | 8b6d c04c 
  0x0000021d3e31d920: 8b75 c84e | 8d74 f500 | c348 8b5d | e8e9 26f6 | ffff 660f | 1f44 0000 
[/MachCode]

Compiled method (c1) 67044  976       3       java.security.AccessController::doPrivileged (17 bytes)
 total in heap  [0x0000021d36fda088,0x0000021d36fda610] = 1416
 relocation     [0x0000021d36fda160,0x0000021d36fda1f8] = 152
 main code      [0x0000021d36fda200,0x0000021d36fda580] = 896
 stub code      [0x0000021d36fda580,0x0000021d36fda5f8] = 120
 metadata       [0x0000021d36fda5f8,0x0000021d36fda610] = 24
 immutable data [0x0000021d9a7244c0,0x0000021d9a724658] = 408
 dependencies   [0x0000021d9a7244c0,0x0000021d9a7244c8] = 8
 nul chk table  [0x0000021d9a7244c8,0x0000021d9a7244d8] = 16
 scopes pcs     [0x0000021d9a7244d8,0x0000021d9a724598] = 192
 scopes data    [0x0000021d9a724598,0x0000021d9a724658] = 192

[Constant Pool (empty)]

[MachCode]
[Verified Entry Point]
  # {method} {0x0000021d5449b038} 'doPrivileged' '(Ljava/security/PrivilegedAction;Ljava/security/AccessControlContext;)Ljava/lang/Object;' in 'java/security/AccessController'
  # parm0:    rdx:rdx   = 'java/security/PrivilegedAction'
  # parm1:    r8:r8     = 'java/security/AccessControlContext'
  #           [sp+0x80]  (sp of caller)
  0x0000021d36fda200: 8984 2400 | 80ff ff55 | 4883 ec70 | 4181 7f20 | 0100 0000 

  0x0000021d36fda214: ;   {runtime_call StubRoutines (final stubs)}
  0x0000021d36fda214: 7405 e825 

  0x0000021d36fda218: ;   {metadata(method data for {method} {0x0000021d5449b038} 'doPrivileged' '(Ljava/security/PrivilegedAction;Ljava/security/AccessControlContext;)Ljava/lang/Object;' in 'java/security/AccessController')}
  0x0000021d36fda218: d536 0748 | be88 8246 | 951d 0200 | 008b becc | 0000 0083 | c702 89be | cc00 0000 | 81e7 fe07 
  0x0000021d36fda238: 0000 85ff | 0f84 7402 | 0000 4c89 | 4424 4048 | 8954 2448 

  0x0000021d36fda24c: ;   {metadata(method data for {method} {0x0000021d5449b038} 'doPrivileged' '(Ljava/security/PrivilegedAction;Ljava/security/AccessControlContext;)Ljava/lang/Object;' in 'java/security/AccessController')}
  0x0000021d36fda24c: 48be 8882 | 4695 1d02 | 0000 4883 | 8618 0100 

  0x0000021d36fda25c: ;   {static_call}
  0x0000021d36fda25c: 0001 90e8 

  0x0000021d36fda260: ; ImmutableOopMap {[64]=Oop [72]=Oop }
                      ;*invokestatic getCallerClass {reexecute=0 rethrow=0 return_oop=0}
                      ; - java.security.AccessController::doPrivileged@0 (line 398)
  0x0000021d36fda260: 4c12 a907 

  0x0000021d36fda264: ;   {other}
  0x0000021d36fda264: 0f1f 8400 | dc01 0000 | 4889 4424 

  0x0000021d36fda270: ;   {metadata(method data for {method} {0x0000021d5449b038} 'doPrivileged' '(Ljava/security/PrivilegedAction;Ljava/security/AccessControlContext;)Ljava/lang/Object;' in 'java/security/AccessController')}
  0x0000021d36fda270: 5048 ba88 | 8246 951d | 0200 0048 | 8382 2801 | 0000 0148 | 8b54 2440 | 4c8b c00f 

  0x0000021d36fda28c: ;   {static_call}
  0x0000021d36fda28c: 1f40 00e8 

  0x0000021d36fda290: ; ImmutableOopMap {[72]=Oop [80]=Oop }
                      ;*invokestatic checkContext {reexecute=0 rethrow=0 return_oop=0}
                      ; - java.security.AccessController::doPrivileged@6 (line 399)
  0x0000021d36fda290: 8cf5 ffff 

  0x0000021d36fda294: ;   {other}
  0x0000021d36fda294: 0f1f 8400 | 0c02 0001 | 4889 4424 

  0x0000021d36fda2a0: ;   {metadata(method data for {method} {0x0000021d5449b038} 'doPrivileged' '(Ljava/security/PrivilegedAction;Ljava/security/AccessControlContext;)Ljava/lang/Object;' in 'java/security/AccessController')}
  0x0000021d36fda2a0: 5848 ba88 | 8246 951d | 0200 0048 | 8382 3801 

  0x0000021d36fda2b0: ;   {metadata(method data for {method} {0x0000021d5449b2c0} 'executePrivileged' '(Ljava/security/PrivilegedAction;Ljava/security/AccessControlContext;Ljava/lang/Class;)Ljava/lang/Object;' in 'java/security/AccessController')}
  0x0000021d36fda2b0: 0000 0148 | ba98 dd0d | 951d 0200 | 008b b2cc | 0000 0083 | c602 89b2 | cc00 0000 | 81e6 feff 
  0x0000021d36fda2d0: 1f00 85f6 | 0f84 fd01 | 0000 4885 

  0x0000021d36fda2dc: ;   {metadata(method data for {method} {0x0000021d5449b2c0} 'executePrivileged' '(Ljava/security/PrivilegedAction;Ljava/security/AccessControlContext;Ljava/lang/Class;)Ljava/lang/Object;' in 'java/security/AccessController')}
  0x0000021d36fda2dc: c048 ba98 | dd0d 951d | 0200 00be | 1801 0000 | 7405 be28 | 0100 0048 | 8b3c 3248 | 8d7f 0148 
  0x0000021d36fda2fc: 893c 320f | 8427 0000 

  0x0000021d36fda304: ;   {metadata(method data for {method} {0x0000021d5449b2c0} 'executePrivileged' '(Ljava/security/PrivilegedAction;Ljava/security/AccessControlContext;Ljava/lang/Class;)Ljava/lang/Object;' in 'java/security/AccessController')}
  0x0000021d36fda304: 0048 ba98 | dd0d 951d | 0200 0048 | 8382 3801 | 0000 0148 | 8bd0 0f1f 

  0x0000021d36fda31c: ;   {static_call}
  0x0000021d36fda31c: 4400 00e8 

  0x0000021d36fda320: ; ImmutableOopMap {[72]=Oop [80]=Oop [88]=Oop }
                      ;*invokestatic ensureMaterializedForStackWalk {reexecute=0 rethrow=0 return_oop=0}
                      ; - java.security.AccessController::executePrivileged@5 (line 774)
                      ; - java.security.AccessController::doPrivileged@13 (line 400)
  0x0000021d36fda320: 8c90 a907 

  0x0000021d36fda324: ;   {other}
  0x0000021d36fda324: 0f1f 8400 | 9c02 0002 

  0x0000021d36fda32c: ;   {metadata(method data for {method} {0x0000021d5449b2c0} 'executePrivileged' '(Ljava/security/PrivilegedAction;Ljava/security/AccessControlContext;Ljava/lang/Class;)Ljava/lang/Object;' in 'java/security/AccessController')}
  0x0000021d36fda32c: 48ba 98dd | 0d95 1d02 | 0000 ff82 | 4801 0000 | 488b 5424 | 4848 3b02 

  0x0000021d36fda344: ;   {metadata(method data for {method} {0x0000021d5449b2c0} 'executePrivileged' '(Ljava/security/PrivilegedAction;Ljava/security/AccessControlContext;Ljava/lang/Class;)Ljava/lang/Object;' in 'java/security/AccessController')}
  0x0000021d36fda344: 488b f248 | bf98 dd0d | 951d 0200 | 008b 7608 | 49ba 0000 | 0054 1d02 | 0000 4903 | f248 3bb7 
  0x0000021d36fda364: b001 0000 | 750d 4883 | 87b8 0100 | 0001 e960 | 0000 0048 | 3bb7 c001 | 0000 750d | 4883 87c8 
  0x0000021d36fda384: 0100 0001 | e94a 0000 | 0048 83bf | b001 0000 | 0075 1748 | 89b7 b001 | 0000 48c7 | 87b8 0100 
  0x0000021d36fda3a4: 0001 0000 | 00e9 2900 | 0000 4883 | bfc0 0100 | 0000 7517 | 4889 b7c0 | 0100 0048 | c787 c801 
  0x0000021d36fda3c4: 0000 0100 | 0000 e908 | 0000 0048 | 8387 a801 | 0000 0166 | 0f1f 4400 | 0048 b830 | cc55 9a1d 
  0x0000021d36fda3e4: ;   {virtual_call}
  0x0000021d36fda3e4: 0200 00e8 

  0x0000021d36fda3e8: ; ImmutableOopMap {[80]=Oop [88]=Oop }
                      ;*invokeinterface run {reexecute=0 rethrow=0 return_oop=0}
                      ; - java.security.AccessController::executePrivileged@29 (line 778)
                      ; - java.security.AccessController::doPrivileged@13 (line 400)
  0x0000021d36fda3e8: 6416 4507 

  0x0000021d36fda3ec: ;   {other}
  0x0000021d36fda3ec: 0f1f 8400 | 6403 0003 

  0x0000021d36fda3f4: ;   {metadata(method data for {method} {0x0000021d5449b2c0} 'executePrivileged' '(Ljava/security/PrivilegedAction;Ljava/security/AccessControlContext;Ljava/lang/Class;)Ljava/lang/Object;' in 'java/security/AccessController')}
  0x0000021d36fda3f4: 48ba 98dd | 0d95 1d02 | 0000 ff82 | d801 0000 

  0x0000021d36fda404: ;   {metadata(method data for {method} {0x0000021d5449b2c0} 'executePrivileged' '(Ljava/security/PrivilegedAction;Ljava/security/AccessControlContext;Ljava/lang/Class;)Ljava/lang/Object;' in 'java/security/AccessController')}
  0x0000021d36fda404: 48ba 98dd | 0d95 1d02 | 0000 4883 | 8238 0200 | 0001 488b | d048 8944 

  0x0000021d36fda41c: ;   {static_call}
  0x0000021d36fda41c: 2460 90e8 

  0x0000021d36fda420: ; ImmutableOopMap {[80]=Oop [88]=Oop [96]=Oop }
                      ;*invokestatic ensureMaterializedForStackWalk {reexecute=0 rethrow=0 return_oop=0}
                      ; - java.security.AccessController::executePrivileged@56 (line 786)
                      ; - java.security.AccessController::doPrivileged@13 (line 400)
  0x0000021d36fda420: 8c8f a907 

  0x0000021d36fda424: ;   {other}
  0x0000021d36fda424: 0f1f 8400 | 9c03 0004 

  0x0000021d36fda42c: ;   {metadata(method data for {method} {0x0000021d5449b2c0} 'executePrivileged' '(Ljava/security/PrivilegedAction;Ljava/security/AccessControlContext;Ljava/lang/Class;)Ljava/lang/Object;' in 'java/security/AccessController')}
  0x0000021d36fda42c: 48b8 98dd | 0d95 1d02 | 0000 4883 | 8048 0200 

  0x0000021d36fda43c: ;   {metadata(method data for {method} {0x0000021d54195798} 'reachabilityFence' '(Ljava/lang/Object;)V' in 'java/lang/ref/Reference')}
  0x0000021d36fda43c: 0001 48b8 | 8059 0a95 | 1d02 0000 | 8bb0 cc00 | 0000 83c6 | 0289 b0cc | 0000 0081 | e6fe ff1f 
  0x0000021d36fda45c: 0085 f60f | 8498 0000 

  0x0000021d36fda464: ;   {metadata(method data for {method} {0x0000021d5449b2c0} 'executePrivileged' '(Ljava/security/PrivilegedAction;Ljava/security/AccessControlContext;Ljava/lang/Class;)Ljava/lang/Object;' in 'java/security/AccessController')}
  0x0000021d36fda464: 0048 b898 | dd0d 951d | 0200 0048 | 8380 5802 

  0x0000021d36fda474: ;   {metadata(method data for {method} {0x0000021d54195798} 'reachabilityFence' '(Ljava/lang/Object;)V' in 'java/lang/ref/Reference')}
  0x0000021d36fda474: 0000 0148 | b880 590a | 951d 0200 | 008b b0cc | 0000 0083 | c602 89b0 | cc00 0000 | 81e6 feff 
  0x0000021d36fda494: 1f00 85f6 | 0f84 8000 | 0000 488b | 4424 6048 | 83c4 705d 

  0x0000021d36fda4a8: ;   {poll_return}
  0x0000021d36fda4a8: 493b a748 | 0400 000f | 878a 0000 

  0x0000021d36fda4b4: ;   {metadata({method} {0x0000021d5449b038} 'doPrivileged' '(Ljava/security/PrivilegedAction;Ljava/security/AccessControlContext;)Ljava/lang/Object;' in 'java/security/AccessController')}
  0x0000021d36fda4b4: 00c3 49ba | 30b0 4954 | 1d02 0000 | 4c89 5424 | 0848 c704 | 24ff ffff 

  0x0000021d36fda4cc: ;   {runtime_call counter_overflow Runtime1 stub}
  0x0000021d36fda4cc: ffe8 0ece 

  0x0000021d36fda4d0: ; ImmutableOopMap {rdx=Oop r8=Oop }
                      ;*synchronization entry
                      ; - java.security.AccessController::doPrivileged@-1 (line 398)
  0x0000021d36fda4d0: 4407 e96b 

  0x0000021d36fda4d4: ;   {metadata({method} {0x0000021d5449b2c0} 'executePrivileged' '(Ljava/security/PrivilegedAction;Ljava/security/AccessControlContext;Ljava/lang/Class;)Ljava/lang/Object;' in 'java/security/AccessController')}
  0x0000021d36fda4d4: fdff ff49 | bab8 b249 | 541d 0200 | 004c 8954 | 2408 48c7 | 0424 ffff 

  0x0000021d36fda4ec: ;   {runtime_call counter_overflow Runtime1 stub}
  0x0000021d36fda4ec: ffff e8ed 

  0x0000021d36fda4f0: ; ImmutableOopMap {rax=Oop [72]=Oop [80]=Oop [88]=Oop }
                      ;*synchronization entry
                      ; - java.security.AccessController::executePrivileged@-1 (line 773)
                      ; - java.security.AccessController::doPrivileged@13 (line 400)
  0x0000021d36fda4f0: cd44 07e9 | e2fd ffff 

  0x0000021d36fda4f8: ;   {runtime_call throw_null_pointer_exception Runtime1 stub}
  0x0000021d36fda4f8: e863 5444 

  0x0000021d36fda4fc: ; ImmutableOopMap {rdx=Oop [80]=Oop [88]=Oop }
                      ;*invokeinterface run {reexecute=0 rethrow=0 return_oop=0}
                      ; - java.security.AccessController::executePrivileged@29 (line 778)
                      ; - java.security.AccessController::doPrivileged@13 (line 400)
                      ;   {metadata({method} {0x0000021d54195798} 'reachabilityFence' '(Ljava/lang/Object;)V' in 'java/lang/ref/Reference')}
  0x0000021d36fda4fc: 0749 ba90 | 5719 541d | 0200 004c | 8954 2408 | 48c7 0424 | ffff ffff 

  0x0000021d36fda514: ;   {runtime_call counter_overflow Runtime1 stub}
  0x0000021d36fda514: e8c7 cd44 

  0x0000021d36fda518: ; ImmutableOopMap {[80]=Oop [96]=Oop }
                      ;*synchronization entry
                      ; - java.lang.ref.Reference::reachabilityFence@-1 (line 661)
                      ; - java.security.AccessController::executePrivileged@60 (line 790)
                      ; - java.security.AccessController::doPrivileged@13 (line 400)
  0x0000021d36fda518: 07e9 47ff 

  0x0000021d36fda51c: ;   {metadata({method} {0x0000021d54195798} 'reachabilityFence' '(Ljava/lang/Object;)V' in 'java/lang/ref/Reference')}
  0x0000021d36fda51c: ffff 49ba | 9057 1954 | 1d02 0000 | 4c89 5424 | 0848 c704 | 24ff ffff 

  0x0000021d36fda534: ;   {runtime_call counter_overflow Runtime1 stub}
  0x0000021d36fda534: ffe8 a6cd 

  0x0000021d36fda538: ; ImmutableOopMap {[96]=Oop }
                      ;*synchronization entry
                      ; - java.lang.ref.Reference::reachabilityFence@-1 (line 661)
                      ; - java.security.AccessController::executePrivileged@64 (line 791)
                      ; - java.security.AccessController::doPrivileged@13 (line 400)
  0x0000021d36fda538: 4407 e95f 

  0x0000021d36fda53c: ;   {internal_word}
  0x0000021d36fda53c: ffff ff49 | baa8 a4fd | 361d 0200 | 004d 8997 | 6004 0000 

  0x0000021d36fda550: ;   {runtime_call SafepointBlob}
  0x0000021d36fda550: e98b ae38 | 0749 8b87 | 0005 0000 | 49c7 8700 | 0500 0000 | 0000 0049 | c787 0805 | 0000 0000 
  0x0000021d36fda570: 0000 4883 

  0x0000021d36fda574: ;   {runtime_call unwind_exception Runtime1 stub}
  0x0000021d36fda574: c470 5de9 | e444 4407 | f4f4 f4f4 
[Stub Code]
  0x0000021d36fda580: ;   {no_reloc}
  0x0000021d36fda580: 0f1f 4400 

  0x0000021d36fda584: ;   {static_stub}
  0x0000021d36fda584: 0048 bb00 | 0000 0000 

  0x0000021d36fda58c: ;   {runtime_call nmethod}
  0x0000021d36fda58c: 0000 00e9 | fbff ffff 

  0x0000021d36fda594: ;   {static_stub}
  0x0000021d36fda594: 48bb 0000 | 0000 0000 

  0x0000021d36fda59c: ;   {runtime_call nmethod}
  0x0000021d36fda59c: 0000 e9fb 

  0x0000021d36fda5a0: ;   {static_stub}
  0x0000021d36fda5a0: ffff ff48 | bb00 0000 | 0000 0000 

  0x0000021d36fda5ac: ;   {runtime_call nmethod}
  0x0000021d36fda5ac: 00e9 fbff 

  0x0000021d36fda5b0: ;   {static_stub}
  0x0000021d36fda5b0: ffff 48bb | 0000 0000 | 0000 0000 

  0x0000021d36fda5bc: ;   {runtime_call nmethod}
  0x0000021d36fda5bc: e9fb ffff 

  0x0000021d36fda5c0: ;   {runtime_call handle_exception_from_callee Runtime1 stub}
  0x0000021d36fda5c0: ffe8 1a88 

  0x0000021d36fda5c4: ;   {external_word}
  0x0000021d36fda5c4: 4407 48b9 | 40d5 c1f7 | fc7f 0000 | 4883 e4f0 

  0x0000021d36fda5d4: ;   {runtime_call}
  0x0000021d36fda5d4: 48b8 604a | 88f7 fc7f | 0000 ffd0 

  0x0000021d36fda5e0: ;   {section_word}
  0x0000021d36fda5e0: f449 bae1 | a5fd 361d | 0200 0041 

  0x0000021d36fda5ec: ;   {runtime_call DeoptimizationBlob}
  0x0000021d36fda5ec: 52e9 8ea0 | 3807 f4f4 | f4f4 f4f4 
[/MachCode]


---------------  P R O C E S S  ---------------

Threads class SMR info:
_java_thread_list=0x0000021d2c2d3b00, length=16, elements={
0x0000021d53b17e30, 0x0000021d53b19c60, 0x0000021d53b1de00, 0x0000021d53b1f300,
0x0000021d53b24070, 0x0000021d53b239e0, 0x0000021d53b3b9b0, 0x0000021d53b40090,
0x0000021d53b23350, 0x0000021d53b20bf0, 0x0000021d53b21280, 0x0000021d53b22cc0,
0x0000021d53b21910, 0x0000021d9a51f950, 0x0000021d9a5189c0, 0x0000021d9a51e5a0
}

Java Threads: ( => current thread )
  0x0000021d53b17e30 JavaThread "Reference Handler"          daemon [_thread_blocked, id=3720, stack(0x000000b3c3c00000,0x000000b3c3d00000) (1024K)]
  0x0000021d53b19c60 JavaThread "Finalizer"                  daemon [_thread_blocked, id=7492, stack(0x000000b3c3d00000,0x000000b3c3e00000) (1024K)]
  0x0000021d53b1de00 JavaThread "Signal Dispatcher"          daemon [_thread_blocked, id=10352, stack(0x000000b3c3e00000,0x000000b3c3f00000) (1024K)]
  0x0000021d53b1f300 JavaThread "Attach Listener"            daemon [_thread_blocked, id=1500, stack(0x000000b3c3f00000,0x000000b3c4000000) (1024K)]
  0x0000021d53b24070 JavaThread "Service Thread"             daemon [_thread_blocked, id=2752, stack(0x000000b3c4000000,0x000000b3c4100000) (1024K)]
  0x0000021d53b239e0 JavaThread "Monitor Deflation Thread"   daemon [_thread_blocked, id=9620, stack(0x000000b3c4100000,0x000000b3c4200000) (1024K)]
  0x0000021d53b3b9b0 JavaThread "C2 CompilerThread0"         daemon [_thread_blocked, id=6832, stack(0x000000b3c4200000,0x000000b3c4300000) (1024K)]
  0x0000021d53b40090 JavaThread "C1 CompilerThread0"         daemon [_thread_blocked, id=18452, stack(0x000000b3c4300000,0x000000b3c4400000) (1024K)]
  0x0000021d53b23350 JavaThread "Notification Thread"        daemon [_thread_blocked, id=11084, stack(0x000000b3c4600000,0x000000b3c4700000) (1024K)]
  0x0000021d53b20bf0 JavaThread "Common-Cleaner"             daemon [_thread_blocked, id=6860, stack(0x000000b3c4700000,0x000000b3c4800000) (1024K)]
  0x0000021d53b21280 JavaThread "Java2D Disposer"            daemon [_thread_blocked, id=4696, stack(0x000000b3c4800000,0x000000b3c4900000) (1024K)]
  0x0000021d53b22cc0 JavaThread "AWT-Shutdown"                      [_thread_blocked, id=3292, stack(0x000000b3c4900000,0x000000b3c4a00000) (1024K)]
  0x0000021d53b21910 JavaThread "AWT-Windows"                daemon [_thread_in_native, id=17524, stack(0x000000b3c4a00000,0x000000b3c4b00000) (1024K)]
=>0x0000021d9a51f950 JavaThread "AWT-EventQueue-0"                  [_thread_in_native, id=18840, stack(0x000000b3c4d00000,0x000000b3c4e00000) (1024K)]
  0x0000021d9a5189c0 JavaThread "D3D Screen Updater"         daemon [_thread_blocked, id=19952, stack(0x000000b3c4e00000,0x000000b3c4f00000) (1024K)]
  0x0000021d9a51e5a0 JavaThread "DestroyJavaVM"                     [_thread_blocked, id=21500, stack(0x000000b3c3400000,0x000000b3c3500000) (1024K)]
Total: 16

Other Threads:
  0x0000021d52e2d7f0 VMThread "VM Thread"                           [id=20752, stack(0x000000b3c3b00000,0x000000b3c3c00000) (1024K)]
  0x0000021d52e1c550 WatcherThread "VM Periodic Task Thread"        [id=1700, stack(0x000000b3c3a00000,0x000000b3c3b00000) (1024K)]
  0x0000021d2e827ba0 WorkerThread "GC Thread#0"                     [id=21488, stack(0x000000b3c3500000,0x000000b3c3600000) (1024K)]
  0x0000021d2e83d220 ConcurrentGCThread "G1 Main Marker"            [id=3452, stack(0x000000b3c3600000,0x000000b3c3700000) (1024K)]
  0x0000021d2e83dd30 WorkerThread "G1 Conc#0"                       [id=20720, stack(0x000000b3c3700000,0x000000b3c3800000) (1024K)]
  0x0000021d52ceeb20 ConcurrentGCThread "G1 Refine#0"               [id=19916, stack(0x000000b3c3800000,0x000000b3c3900000) (1024K)]
  0x0000021d52cf04c0 ConcurrentGCThread "G1 Service"                [id=4968, stack(0x000000b3c3900000,0x000000b3c3a00000) (1024K)]
Total: 7

Threads with active compile tasks:
Total: 0

VM state: not at safepoint (normal execution)

VM Mutex/Monitor currently owned by a thread: None

Heap address: 0x0000000605000000, size: 8112 MB, Compressed Oops mode: Zero based, Oop shift amount: 3

CDS archive(s) mapped at: [0x0000021d54000000-0x0000021d54d70000-0x0000021d54d70000), size 14090240, SharedBaseAddress: 0x0000021d54000000, ArchiveRelocationMode: 1.
Compressed class space mapped at: 0x0000021d55000000-0x0000021d95000000, reserved size: 1073741824
Narrow klass base: 0x0000021d54000000, Narrow klass shift: 0, Narrow klass range: 0x41000000

GC Precious Log:
 CardTable entry size: 512
 Card Set container configuration: InlinePtr #cards 4 size 8 Array Of Cards #cards 32 size 80 Howl #buckets 8 coarsen threshold 7372 Howl Bitmap #cards 1024 size 144 coarsen threshold 921 Card regions per heap region 1 cards per card region 8192
 CPUs: 20 total, 20 available
 Memory: 32435M
 Large Page Support: Disabled
 NUMA Support: Disabled
 Compressed Oops: Enabled (Zero based)
 Heap Region Size: 4M
 Heap Min Capacity: 8M
 Heap Initial Capacity: 508M
 Heap Max Capacity: 8112M
 Pre-touch: Disabled
 Parallel Workers: 15
 Concurrent Workers: 4
 Concurrent Refinement Workers: 15
 Periodic GC: Disabled

Heap:
 garbage-first heap   total reserved 8306688K, committed 520192K, used 8192K [0x0000000605000000, 0x0000000800000000)
  region size 4096K, 3 young (12288K), 0 survivors (0K)
 Metaspace       used 6654K, committed 6912K, reserved 1114112K
  class space    used 753K, committed 896K, reserved 1048576K

Heap Regions: E=young(eden), S=young(survivor), O=old, HS=humongous(starts), HC=humongous(continues), CS=collection set, F=free, TAMS=top-at-mark-start, PB=parsable bottom
|   0|0x0000000605000000, 0x0000000605000000, 0x0000000605400000|  0%| F|  |TAMS 0x0000000605000000| PB 0x0000000605000000| Untracked |  0
|   1|0x0000000605400000, 0x0000000605400000, 0x0000000605800000|  0%| F|  |TAMS 0x0000000605400000| PB 0x0000000605400000| Untracked |  0
|   2|0x0000000605800000, 0x0000000605800000, 0x0000000605c00000|  0%| F|  |TAMS 0x0000000605800000| PB 0x0000000605800000| Untracked |  0
|   3|0x0000000605c00000, 0x0000000605c00000, 0x0000000606000000|  0%| F|  |TAMS 0x0000000605c00000| PB 0x0000000605c00000| Untracked |  0
|   4|0x0000000606000000, 0x0000000606000000, 0x0000000606400000|  0%| F|  |TAMS 0x0000000606000000| PB 0x0000000606000000| Untracked |  0
|   5|0x0000000606400000, 0x0000000606400000, 0x0000000606800000|  0%| F|  |TAMS 0x0000000606400000| PB 0x0000000606400000| Untracked |  0
|   6|0x0000000606800000, 0x0000000606800000, 0x0000000606c00000|  0%| F|  |TAMS 0x0000000606800000| PB 0x0000000606800000| Untracked |  0
|   7|0x0000000606c00000, 0x0000000606c00000, 0x0000000607000000|  0%| F|  |TAMS 0x0000000606c00000| PB 0x0000000606c00000| Untracked |  0
|   8|0x0000000607000000, 0x0000000607000000, 0x0000000607400000|  0%| F|  |TAMS 0x0000000607000000| PB 0x0000000607000000| Untracked |  0
|   9|0x0000000607400000, 0x0000000607400000, 0x0000000607800000|  0%| F|  |TAMS 0x0000000607400000| PB 0x0000000607400000| Untracked |  0
|  10|0x0000000607800000, 0x0000000607800000, 0x0000000607c00000|  0%| F|  |TAMS 0x0000000607800000| PB 0x0000000607800000| Untracked |  0
|  11|0x0000000607c00000, 0x0000000607c00000, 0x0000000608000000|  0%| F|  |TAMS 0x0000000607c00000| PB 0x0000000607c00000| Untracked |  0
|  12|0x0000000608000000, 0x0000000608000000, 0x0000000608400000|  0%| F|  |TAMS 0x0000000608000000| PB 0x0000000608000000| Untracked |  0
|  13|0x0000000608400000, 0x0000000608400000, 0x0000000608800000|  0%| F|  |TAMS 0x0000000608400000| PB 0x0000000608400000| Untracked |  0
|  14|0x0000000608800000, 0x0000000608800000, 0x0000000608c00000|  0%| F|  |TAMS 0x0000000608800000| PB 0x0000000608800000| Untracked |  0
|  15|0x0000000608c00000, 0x0000000608c00000, 0x0000000609000000|  0%| F|  |TAMS 0x0000000608c00000| PB 0x0000000608c00000| Untracked |  0
|  16|0x0000000609000000, 0x0000000609000000, 0x0000000609400000|  0%| F|  |TAMS 0x0000000609000000| PB 0x0000000609000000| Untracked |  0
|  17|0x0000000609400000, 0x0000000609400000, 0x0000000609800000|  0%| F|  |TAMS 0x0000000609400000| PB 0x0000000609400000| Untracked |  0
|  18|0x0000000609800000, 0x0000000609800000, 0x0000000609c00000|  0%| F|  |TAMS 0x0000000609800000| PB 0x0000000609800000| Untracked |  0
|  19|0x0000000609c00000, 0x0000000609c00000, 0x000000060a000000|  0%| F|  |TAMS 0x0000000609c00000| PB 0x0000000609c00000| Untracked |  0
|  20|0x000000060a000000, 0x000000060a000000, 0x000000060a400000|  0%| F|  |TAMS 0x000000060a000000| PB 0x000000060a000000| Untracked |  0
|  21|0x000000060a400000, 0x000000060a400000, 0x000000060a800000|  0%| F|  |TAMS 0x000000060a400000| PB 0x000000060a400000| Untracked |  0
|  22|0x000000060a800000, 0x000000060a800000, 0x000000060ac00000|  0%| F|  |TAMS 0x000000060a800000| PB 0x000000060a800000| Untracked |  0
|  23|0x000000060ac00000, 0x000000060ac00000, 0x000000060b000000|  0%| F|  |TAMS 0x000000060ac00000| PB 0x000000060ac00000| Untracked |  0
|  24|0x000000060b000000, 0x000000060b000000, 0x000000060b400000|  0%| F|  |TAMS 0x000000060b000000| PB 0x000000060b000000| Untracked |  0
|  25|0x000000060b400000, 0x000000060b400000, 0x000000060b800000|  0%| F|  |TAMS 0x000000060b400000| PB 0x000000060b400000| Untracked |  0
|  26|0x000000060b800000, 0x000000060b800000, 0x000000060bc00000|  0%| F|  |TAMS 0x000000060b800000| PB 0x000000060b800000| Untracked |  0
|  27|0x000000060bc00000, 0x000000060bc00000, 0x000000060c000000|  0%| F|  |TAMS 0x000000060bc00000| PB 0x000000060bc00000| Untracked |  0
|  28|0x000000060c000000, 0x000000060c000000, 0x000000060c400000|  0%| F|  |TAMS 0x000000060c000000| PB 0x000000060c000000| Untracked |  0
|  29|0x000000060c400000, 0x000000060c400000, 0x000000060c800000|  0%| F|  |TAMS 0x000000060c400000| PB 0x000000060c400000| Untracked |  0
|  30|0x000000060c800000, 0x000000060c800000, 0x000000060cc00000|  0%| F|  |TAMS 0x000000060c800000| PB 0x000000060c800000| Untracked |  0
|  31|0x000000060cc00000, 0x000000060cc00000, 0x000000060d000000|  0%| F|  |TAMS 0x000000060cc00000| PB 0x000000060cc00000| Untracked |  0
|  32|0x000000060d000000, 0x000000060d000000, 0x000000060d400000|  0%| F|  |TAMS 0x000000060d000000| PB 0x000000060d000000| Untracked |  0
|  33|0x000000060d400000, 0x000000060d400000, 0x000000060d800000|  0%| F|  |TAMS 0x000000060d400000| PB 0x000000060d400000| Untracked |  0
|  34|0x000000060d800000, 0x000000060d800000, 0x000000060dc00000|  0%| F|  |TAMS 0x000000060d800000| PB 0x000000060d800000| Untracked |  0
|  35|0x000000060dc00000, 0x000000060dc00000, 0x000000060e000000|  0%| F|  |TAMS 0x000000060dc00000| PB 0x000000060dc00000| Untracked |  0
|  36|0x000000060e000000, 0x000000060e000000, 0x000000060e400000|  0%| F|  |TAMS 0x000000060e000000| PB 0x000000060e000000| Untracked |  0
|  37|0x000000060e400000, 0x000000060e400000, 0x000000060e800000|  0%| F|  |TAMS 0x000000060e400000| PB 0x000000060e400000| Untracked |  0
|  38|0x000000060e800000, 0x000000060e800000, 0x000000060ec00000|  0%| F|  |TAMS 0x000000060e800000| PB 0x000000060e800000| Untracked |  0
|  39|0x000000060ec00000, 0x000000060ec00000, 0x000000060f000000|  0%| F|  |TAMS 0x000000060ec00000| PB 0x000000060ec00000| Untracked |  0
|  40|0x000000060f000000, 0x000000060f000000, 0x000000060f400000|  0%| F|  |TAMS 0x000000060f000000| PB 0x000000060f000000| Untracked |  0
|  41|0x000000060f400000, 0x000000060f400000, 0x000000060f800000|  0%| F|  |TAMS 0x000000060f400000| PB 0x000000060f400000| Untracked |  0
|  42|0x000000060f800000, 0x000000060f800000, 0x000000060fc00000|  0%| F|  |TAMS 0x000000060f800000| PB 0x000000060f800000| Untracked |  0
|  43|0x000000060fc00000, 0x000000060fc00000, 0x0000000610000000|  0%| F|  |TAMS 0x000000060fc00000| PB 0x000000060fc00000| Untracked |  0
|  44|0x0000000610000000, 0x0000000610000000, 0x0000000610400000|  0%| F|  |TAMS 0x0000000610000000| PB 0x0000000610000000| Untracked |  0
|  45|0x0000000610400000, 0x0000000610400000, 0x0000000610800000|  0%| F|  |TAMS 0x0000000610400000| PB 0x0000000610400000| Untracked |  0
|  46|0x0000000610800000, 0x0000000610800000, 0x0000000610c00000|  0%| F|  |TAMS 0x0000000610800000| PB 0x0000000610800000| Untracked |  0
|  47|0x0000000610c00000, 0x0000000610c00000, 0x0000000611000000|  0%| F|  |TAMS 0x0000000610c00000| PB 0x0000000610c00000| Untracked |  0
|  48|0x0000000611000000, 0x0000000611000000, 0x0000000611400000|  0%| F|  |TAMS 0x0000000611000000| PB 0x0000000611000000| Untracked |  0
|  49|0x0000000611400000, 0x0000000611400000, 0x0000000611800000|  0%| F|  |TAMS 0x0000000611400000| PB 0x0000000611400000| Untracked |  0
|  50|0x0000000611800000, 0x0000000611800000, 0x0000000611c00000|  0%| F|  |TAMS 0x0000000611800000| PB 0x0000000611800000| Untracked |  0
|  51|0x0000000611c00000, 0x0000000611c00000, 0x0000000612000000|  0%| F|  |TAMS 0x0000000611c00000| PB 0x0000000611c00000| Untracked |  0
|  52|0x0000000612000000, 0x0000000612000000, 0x0000000612400000|  0%| F|  |TAMS 0x0000000612000000| PB 0x0000000612000000| Untracked |  0
|  53|0x0000000612400000, 0x0000000612400000, 0x0000000612800000|  0%| F|  |TAMS 0x0000000612400000| PB 0x0000000612400000| Untracked |  0
|  54|0x0000000612800000, 0x0000000612800000, 0x0000000612c00000|  0%| F|  |TAMS 0x0000000612800000| PB 0x0000000612800000| Untracked |  0
|  55|0x0000000612c00000, 0x0000000612c00000, 0x0000000613000000|  0%| F|  |TAMS 0x0000000612c00000| PB 0x0000000612c00000| Untracked |  0
|  56|0x0000000613000000, 0x0000000613000000, 0x0000000613400000|  0%| F|  |TAMS 0x0000000613000000| PB 0x0000000613000000| Untracked |  0
|  57|0x0000000613400000, 0x0000000613400000, 0x0000000613800000|  0%| F|  |TAMS 0x0000000613400000| PB 0x0000000613400000| Untracked |  0
|  58|0x0000000613800000, 0x0000000613800000, 0x0000000613c00000|  0%| F|  |TAMS 0x0000000613800000| PB 0x0000000613800000| Untracked |  0
|  59|0x0000000613c00000, 0x0000000613c00000, 0x0000000614000000|  0%| F|  |TAMS 0x0000000613c00000| PB 0x0000000613c00000| Untracked |  0
|  60|0x0000000614000000, 0x0000000614000000, 0x0000000614400000|  0%| F|  |TAMS 0x0000000614000000| PB 0x0000000614000000| Untracked |  0
|  61|0x0000000614400000, 0x0000000614400000, 0x0000000614800000|  0%| F|  |TAMS 0x0000000614400000| PB 0x0000000614400000| Untracked |  0
|  62|0x0000000614800000, 0x0000000614800000, 0x0000000614c00000|  0%| F|  |TAMS 0x0000000614800000| PB 0x0000000614800000| Untracked |  0
|  63|0x0000000614c00000, 0x0000000614c00000, 0x0000000615000000|  0%| F|  |TAMS 0x0000000614c00000| PB 0x0000000614c00000| Untracked |  0
|  64|0x0000000615000000, 0x0000000615000000, 0x0000000615400000|  0%| F|  |TAMS 0x0000000615000000| PB 0x0000000615000000| Untracked |  0
|  65|0x0000000615400000, 0x0000000615400000, 0x0000000615800000|  0%| F|  |TAMS 0x0000000615400000| PB 0x0000000615400000| Untracked |  0
|  66|0x0000000615800000, 0x0000000615800000, 0x0000000615c00000|  0%| F|  |TAMS 0x0000000615800000| PB 0x0000000615800000| Untracked |  0
|  67|0x0000000615c00000, 0x0000000615c00000, 0x0000000616000000|  0%| F|  |TAMS 0x0000000615c00000| PB 0x0000000615c00000| Untracked |  0
|  68|0x0000000616000000, 0x0000000616000000, 0x0000000616400000|  0%| F|  |TAMS 0x0000000616000000| PB 0x0000000616000000| Untracked |  0
|  69|0x0000000616400000, 0x0000000616400000, 0x0000000616800000|  0%| F|  |TAMS 0x0000000616400000| PB 0x0000000616400000| Untracked |  0
|  70|0x0000000616800000, 0x0000000616800000, 0x0000000616c00000|  0%| F|  |TAMS 0x0000000616800000| PB 0x0000000616800000| Untracked |  0
|  71|0x0000000616c00000, 0x0000000616c00000, 0x0000000617000000|  0%| F|  |TAMS 0x0000000616c00000| PB 0x0000000616c00000| Untracked |  0
|  72|0x0000000617000000, 0x0000000617000000, 0x0000000617400000|  0%| F|  |TAMS 0x0000000617000000| PB 0x0000000617000000| Untracked |  0
|  73|0x0000000617400000, 0x0000000617400000, 0x0000000617800000|  0%| F|  |TAMS 0x0000000617400000| PB 0x0000000617400000| Untracked |  0
|  74|0x0000000617800000, 0x0000000617800000, 0x0000000617c00000|  0%| F|  |TAMS 0x0000000617800000| PB 0x0000000617800000| Untracked |  0
|  75|0x0000000617c00000, 0x0000000617c00000, 0x0000000618000000|  0%| F|  |TAMS 0x0000000617c00000| PB 0x0000000617c00000| Untracked |  0
|  76|0x0000000618000000, 0x0000000618000000, 0x0000000618400000|  0%| F|  |TAMS 0x0000000618000000| PB 0x0000000618000000| Untracked |  0
|  77|0x0000000618400000, 0x0000000618400000, 0x0000000618800000|  0%| F|  |TAMS 0x0000000618400000| PB 0x0000000618400000| Untracked |  0
|  78|0x0000000618800000, 0x0000000618800000, 0x0000000618c00000|  0%| F|  |TAMS 0x0000000618800000| PB 0x0000000618800000| Untracked |  0
|  79|0x0000000618c00000, 0x0000000618c00000, 0x0000000619000000|  0%| F|  |TAMS 0x0000000618c00000| PB 0x0000000618c00000| Untracked |  0
|  80|0x0000000619000000, 0x0000000619000000, 0x0000000619400000|  0%| F|  |TAMS 0x0000000619000000| PB 0x0000000619000000| Untracked |  0
|  81|0x0000000619400000, 0x0000000619400000, 0x0000000619800000|  0%| F|  |TAMS 0x0000000619400000| PB 0x0000000619400000| Untracked |  0
|  82|0x0000000619800000, 0x0000000619800000, 0x0000000619c00000|  0%| F|  |TAMS 0x0000000619800000| PB 0x0000000619800000| Untracked |  0
|  83|0x0000000619c00000, 0x0000000619c00000, 0x000000061a000000|  0%| F|  |TAMS 0x0000000619c00000| PB 0x0000000619c00000| Untracked |  0
|  84|0x000000061a000000, 0x000000061a000000, 0x000000061a400000|  0%| F|  |TAMS 0x000000061a000000| PB 0x000000061a000000| Untracked |  0
|  85|0x000000061a400000, 0x000000061a400000, 0x000000061a800000|  0%| F|  |TAMS 0x000000061a400000| PB 0x000000061a400000| Untracked |  0
|  86|0x000000061a800000, 0x000000061a800000, 0x000000061ac00000|  0%| F|  |TAMS 0x000000061a800000| PB 0x000000061a800000| Untracked |  0
|  87|0x000000061ac00000, 0x000000061ac00000, 0x000000061b000000|  0%| F|  |TAMS 0x000000061ac00000| PB 0x000000061ac00000| Untracked |  0
|  88|0x000000061b000000, 0x000000061b000000, 0x000000061b400000|  0%| F|  |TAMS 0x000000061b000000| PB 0x000000061b000000| Untracked |  0
|  89|0x000000061b400000, 0x000000061b400000, 0x000000061b800000|  0%| F|  |TAMS 0x000000061b400000| PB 0x000000061b400000| Untracked |  0
|  90|0x000000061b800000, 0x000000061b800000, 0x000000061bc00000|  0%| F|  |TAMS 0x000000061b800000| PB 0x000000061b800000| Untracked |  0
|  91|0x000000061bc00000, 0x000000061bc00000, 0x000000061c000000|  0%| F|  |TAMS 0x000000061bc00000| PB 0x000000061bc00000| Untracked |  0
|  92|0x000000061c000000, 0x000000061c000000, 0x000000061c400000|  0%| F|  |TAMS 0x000000061c000000| PB 0x000000061c000000| Untracked |  0
|  93|0x000000061c400000, 0x000000061c400000, 0x000000061c800000|  0%| F|  |TAMS 0x000000061c400000| PB 0x000000061c400000| Untracked |  0
|  94|0x000000061c800000, 0x000000061c800000, 0x000000061cc00000|  0%| F|  |TAMS 0x000000061c800000| PB 0x000000061c800000| Untracked |  0
|  95|0x000000061cc00000, 0x000000061cc00000, 0x000000061d000000|  0%| F|  |TAMS 0x000000061cc00000| PB 0x000000061cc00000| Untracked |  0
|  96|0x000000061d000000, 0x000000061d000000, 0x000000061d400000|  0%| F|  |TAMS 0x000000061d000000| PB 0x000000061d000000| Untracked |  0
|  97|0x000000061d400000, 0x000000061d400000, 0x000000061d800000|  0%| F|  |TAMS 0x000000061d400000| PB 0x000000061d400000| Untracked |  0
|  98|0x000000061d800000, 0x000000061d800000, 0x000000061dc00000|  0%| F|  |TAMS 0x000000061d800000| PB 0x000000061d800000| Untracked |  0
|  99|0x000000061dc00000, 0x000000061dc00000, 0x000000061e000000|  0%| F|  |TAMS 0x000000061dc00000| PB 0x000000061dc00000| Untracked |  0
| 100|0x000000061e000000, 0x000000061e000000, 0x000000061e400000|  0%| F|  |TAMS 0x000000061e000000| PB 0x000000061e000000| Untracked |  0
| 101|0x000000061e400000, 0x000000061e400000, 0x000000061e800000|  0%| F|  |TAMS 0x000000061e400000| PB 0x000000061e400000| Untracked |  0
| 102|0x000000061e800000, 0x000000061e800000, 0x000000061ec00000|  0%| F|  |TAMS 0x000000061e800000| PB 0x000000061e800000| Untracked |  0
| 103|0x000000061ec00000, 0x000000061ec00000, 0x000000061f000000|  0%| F|  |TAMS 0x000000061ec00000| PB 0x000000061ec00000| Untracked |  0
| 104|0x000000061f000000, 0x000000061f000000, 0x000000061f400000|  0%| F|  |TAMS 0x000000061f000000| PB 0x000000061f000000| Untracked |  0
| 105|0x000000061f400000, 0x000000061f400000, 0x000000061f800000|  0%| F|  |TAMS 0x000000061f400000| PB 0x000000061f400000| Untracked |  0
| 106|0x000000061f800000, 0x000000061f800000, 0x000000061fc00000|  0%| F|  |TAMS 0x000000061f800000| PB 0x000000061f800000| Untracked |  0
| 107|0x000000061fc00000, 0x000000061fc00000, 0x0000000620000000|  0%| F|  |TAMS 0x000000061fc00000| PB 0x000000061fc00000| Untracked |  0
| 108|0x0000000620000000, 0x0000000620000000, 0x0000000620400000|  0%| F|  |TAMS 0x0000000620000000| PB 0x0000000620000000| Untracked |  0
| 109|0x0000000620400000, 0x0000000620400000, 0x0000000620800000|  0%| F|  |TAMS 0x0000000620400000| PB 0x0000000620400000| Untracked |  0
| 110|0x0000000620800000, 0x0000000620800000, 0x0000000620c00000|  0%| F|  |TAMS 0x0000000620800000| PB 0x0000000620800000| Untracked |  0
| 111|0x0000000620c00000, 0x0000000620c00000, 0x0000000621000000|  0%| F|  |TAMS 0x0000000620c00000| PB 0x0000000620c00000| Untracked |  0
| 112|0x0000000621000000, 0x0000000621000000, 0x0000000621400000|  0%| F|  |TAMS 0x0000000621000000| PB 0x0000000621000000| Untracked |  0
| 113|0x0000000621400000, 0x0000000621400000, 0x0000000621800000|  0%| F|  |TAMS 0x0000000621400000| PB 0x0000000621400000| Untracked |  0
| 114|0x0000000621800000, 0x0000000621800000, 0x0000000621c00000|  0%| F|  |TAMS 0x0000000621800000| PB 0x0000000621800000| Untracked |  0
| 115|0x0000000621c00000, 0x0000000621c00000, 0x0000000622000000|  0%| F|  |TAMS 0x0000000621c00000| PB 0x0000000621c00000| Untracked |  0
| 116|0x0000000622000000, 0x0000000622000000, 0x0000000622400000|  0%| F|  |TAMS 0x0000000622000000| PB 0x0000000622000000| Untracked |  0
| 117|0x0000000622400000, 0x0000000622400000, 0x0000000622800000|  0%| F|  |TAMS 0x0000000622400000| PB 0x0000000622400000| Untracked |  0
| 118|0x0000000622800000, 0x0000000622800000, 0x0000000622c00000|  0%| F|  |TAMS 0x0000000622800000| PB 0x0000000622800000| Untracked |  0
| 119|0x0000000622c00000, 0x0000000622c00000, 0x0000000623000000|  0%| F|  |TAMS 0x0000000622c00000| PB 0x0000000622c00000| Untracked |  0
| 120|0x0000000623000000, 0x0000000623000000, 0x0000000623400000|  0%| F|  |TAMS 0x0000000623000000| PB 0x0000000623000000| Untracked |  0
| 121|0x0000000623400000, 0x0000000623400000, 0x0000000623800000|  0%| F|  |TAMS 0x0000000623400000| PB 0x0000000623400000| Untracked |  0
| 122|0x0000000623800000, 0x0000000623800000, 0x0000000623c00000|  0%| F|  |TAMS 0x0000000623800000| PB 0x0000000623800000| Untracked |  0
| 123|0x0000000623c00000, 0x0000000623c00000, 0x0000000624000000|  0%| F|  |TAMS 0x0000000623c00000| PB 0x0000000623c00000| Untracked |  0
| 124|0x0000000624000000, 0x0000000624266808, 0x0000000624400000| 60%| E|  |TAMS 0x0000000624000000| PB 0x0000000624000000| Complete |  0
| 125|0x0000000624400000, 0x0000000624800000, 0x0000000624800000|100%| E|CS|TAMS 0x0000000624400000| PB 0x0000000624400000| Complete |  0
| 126|0x0000000624800000, 0x0000000624c00000, 0x0000000624c00000|100%| E|CS|TAMS 0x0000000624800000| PB 0x0000000624800000| Complete |  0

Card table byte_map: [0x0000021d47950000,0x0000021d48930000] _byte_map_base: 0x0000021d44928000

Marking Bits: (CMBitMap*) 0x0000021d2e8282b0
 Bits: [0x0000021d48930000, 0x0000021d507f0000)

Polling page: 0x0000021d2c280000

Metaspace:

Usage:
  Non-class:      5.76 MB used.
      Class:    753.42 KB used.
       Both:      6.50 MB used.

Virtual space:
  Non-class space:       64.00 MB reserved,       5.88 MB (  9%) committed,  1 nodes.
      Class space:        1.00 GB reserved,     896.00 KB ( <1%) committed,  1 nodes.
             Both:        1.06 GB reserved,       6.75 MB ( <1%) committed. 

Chunk freelists:
   Non-Class:  10.09 MB
       Class:  15.11 MB
        Both:  25.20 MB

MaxMetaspaceSize: unlimited
CompressedClassSpaceSize: 1.00 GB
Initial GC threshold: 21.00 MB
Current GC threshold: 21.00 MB
CDS: on
 - commit_granule_bytes: 65536.
 - commit_granule_words: 8192.
 - virtual_space_node_default_size: 8388608.
 - enlarge_chunks_in_place: 1.
 - use_allocation_guard: 0.


Internal statistics:

num_allocs_failed_limit: 0.
num_arena_births: 140.
num_arena_deaths: 0.
num_vsnodes_births: 2.
num_vsnodes_deaths: 0.
num_space_committed: 108.
num_space_uncommitted: 0.
num_chunks_returned_to_freelist: 0.
num_chunks_taken_from_freelist: 184.
num_chunk_merges: 0.
num_chunk_splits: 105.
num_chunks_enlarged: 38.
num_inconsistent_stats: 0.

CodeHeap 'non-profiled nmethods': size=119232Kb used=234Kb max_used=234Kb free=118997Kb
 bounds [0x0000021d3ea50000, 0x0000021d3ecc0000, 0x0000021d45ec0000]
CodeHeap 'profiled nmethods': size=119104Kb used=1138Kb max_used=1138Kb free=117965Kb
 bounds [0x0000021d36ec0000, 0x0000021d37130000, 0x0000021d3e310000]
CodeHeap 'non-nmethods': size=7424Kb used=1486Kb max_used=3189Kb free=5937Kb
 bounds [0x0000021d3e310000, 0x0000021d3e640000, 0x0000021d3ea50000]
CodeCache: size=245760Kb, used=2858Kb, max_used=4561Kb, free=242899Kb
 total_blobs=1565, nmethods=989, adapters=482, full_count=0
Compilation: enabled, stopped_count=0, restarted_count=0

Compilation events (20 events):
Event: 1.307 Thread 0x0000021d9a5e93b0 nmethod 975 0x0000021d36fd9708 code [0x0000021d36fd9820, 0x0000021d36fd99f8]
Event: 1.307 Thread 0x0000021d53b40090 nmethod 977 0x0000021d36fd9a88 code [0x0000021d36fd9be0, 0x0000021d36fda070]
Event: 1.307 Thread 0x0000021d53c3a920 nmethod 976 0x0000021d36fda088 code [0x0000021d36fda200, 0x0000021d36fda5f8]
Event: 1.307 Thread 0x0000021d53cd1470 nmethod 978 0x0000021d36fda688 code [0x0000021d36fda800, 0x0000021d36fdad50]
Event: 1.307 Thread 0x0000021d53b3b9b0  979       4       sun.awt.AWTAutoShutdown::getInstance (4 bytes)
Event: 1.308 Thread 0x0000021d53b3b9b0 nmethod 979 0x0000021d3ea89488 code [0x0000021d3ea89580, 0x0000021d3ea895f0]
Event: 1.404 Thread 0x0000021d53cd1470  980       1       sun.java2d.SurfaceData::isSurfaceLost (5 bytes)
Event: 1.404 Thread 0x0000021d53cd1470 nmethod 980 0x0000021d3ea89788 code [0x0000021d3ea898a0, 0x0000021d3ea89970]
Event: 22.204 Thread 0x0000021d53b40090  982       3       java.util.ArrayList::toArray (57 bytes)
Event: 22.205 Thread 0x0000021d53b40090 nmethod 982 0x0000021d36fdad88 code [0x0000021d36fdaee0, 0x0000021d36fdb438]
Event: 25.119 Thread 0x0000021d53b40090  983       3       sun.java2d.d3d.D3DSurfaceData$D3DWindowSurfaceData::isDirty (18 bytes)
Event: 25.119 Thread 0x0000021d53b40090 nmethod 983 0x0000021d36fdb488 code [0x0000021d36fdb5c0, 0x0000021d36fdb7e8]
Event: 25.119 Thread 0x0000021d53b40090  984       3       sun.java2d.StateTrackableDelegate$1::isCurrent (17 bytes)
Event: 25.119 Thread 0x0000021d53b40090 nmethod 984 0x0000021d36fdb808 code [0x0000021d36fdb920, 0x0000021d36fdba90]
Event: 26.324 Thread 0x0000021d53b40090  985   !   3       java.lang.Object::wait (53 bytes)
Event: 26.325 Thread 0x0000021d53b40090 nmethod 985 0x0000021d36fdbb08 code [0x0000021d36fdbd00, 0x0000021d36fdc7d8]
Event: 66.960 Thread 0x0000021d53b40090  986       1       java.lang.invoke.DirectMethodHandle::isCrackable (5 bytes)
Event: 66.960 Thread 0x0000021d53b40090 nmethod 986 0x0000021d3ea8a408 code [0x0000021d3ea8a520, 0x0000021d3ea8a5f0]
Event: 66.960 Thread 0x0000021d53b40090  987       3       jdk.internal.misc.CDS::isUsingArchive (15 bytes)
Event: 66.961 Thread 0x0000021d53b40090 nmethod 987 0x0000021d36fdc888 code [0x0000021d36fdc9a0, 0x0000021d36fdcab0]

GC Heap History (0 events):
No events

Dll operation events (8 events):
Event: 0.006 Loaded shared library C:\Program Files\Java\jdk-23\bin\java.dll
Event: 0.026 Loaded shared library C:\Program Files\Java\jdk-23\bin\jsvml.dll
Event: 0.048 Loaded shared library C:\Program Files\Java\jdk-23\bin\jimage.dll
Event: 0.062 Loaded shared library C:\Program Files\Java\jdk-23\bin\awt.dll
Event: 0.259 Loaded shared library C:\Program Files\Java\jdk-23\bin\freetype.dll
Event: 0.260 Loaded shared library C:\Program Files\Java\jdk-23\bin\fontmanager.dll
Event: 0.310 Loaded shared library C:\Program Files\Java\jdk-23\bin\net.dll
Event: 0.311 Loaded shared library C:\Program Files\Java\jdk-23\bin\nio.dll

Deoptimization events (8 events):
Event: 0.306 Thread 0x0000021d9a51f950 Uncommon trap: trap_request=0xffffff45 fr.pc=0x0000021d3ea7a4e4 relative=0x0000000000000064
Event: 0.306 Thread 0x0000021d9a51f950 Uncommon trap: reason=unstable_if action=reinterpret pc=0x0000021d3ea7a4e4 method=java.lang.CharacterDataLatin1.toLowerCase(I)I @ 16 c2
Event: 0.306 Thread 0x0000021d9a51f950 DEOPT PACKING pc=0x0000021d3ea7a4e4 sp=0x000000b3c4dfce00
Event: 0.306 Thread 0x0000021d9a51f950 DEOPT UNPACKING pc=0x0000021d3e364402 sp=0x000000b3c4dfcd80 mode 2
Event: 0.325 Thread 0x0000021d9a51f950 Uncommon trap: trap_request=0xffffff45 fr.pc=0x0000021d3ea7abd4 relative=0x0000000000000414
Event: 0.325 Thread 0x0000021d9a51f950 Uncommon trap: reason=unstable_if action=reinterpret pc=0x0000021d3ea7abd4 method=java.lang.CharacterDataLatin1.isUpperCase(I)Z @ 7 c2
Event: 0.325 Thread 0x0000021d9a51f950 DEOPT PACKING pc=0x0000021d3ea7abd4 sp=0x000000b3c4dfd5e0
Event: 0.325 Thread 0x0000021d9a51f950 DEOPT UNPACKING pc=0x0000021d3e364402 sp=0x000000b3c4dfd4e8 mode 2

Classes loaded (20 events):
Event: 0.770 Loading class javax/swing/event/ChangeEvent
Event: 0.770 Loading class javax/swing/event/ChangeEvent done
Event: 1.289 Loading class java/awt/KeyboardFocusManager$2
Event: 1.289 Loading class java/awt/KeyboardFocusManager$2 done
Event: 1.290 Loading class sun/awt/SunToolkit$1
Event: 1.290 Loading class sun/awt/SunToolkit$1 done
Event: 1.304 Loading class java/lang/ArrayIndexOutOfBoundsException
Event: 1.304 Loading class java/lang/IndexOutOfBoundsException
Event: 1.304 Loading class java/lang/IndexOutOfBoundsException done
Event: 1.304 Loading class java/lang/ArrayIndexOutOfBoundsException done
Event: 1.304 Loading class java/lang/InterruptedException
Event: 1.304 Loading class java/lang/InterruptedException done
Event: 1.304 Loading class java/lang/Throwable$WrappedPrintStream
Event: 1.304 Loading class java/lang/Throwable$PrintStreamOrWriter
Event: 1.304 Loading class java/lang/Throwable$PrintStreamOrWriter done
Event: 1.304 Loading class java/lang/Throwable$WrappedPrintStream done
Event: 1.305 Loading class java/lang/StackTraceElement$HashedModules
Event: 1.305 Loading class java/lang/StackTraceElement$HashedModules done
Event: 66.960 Loading class java/lang/invoke/MethodHandle$1
Event: 66.960 Loading class java/lang/invoke/MethodHandle$1 done

Classes unloaded (0 events):
No events

Classes redefined (0 events):
No events

Internal exceptions (11 events):
Event: 0.054 Thread 0x0000021d2c2d3670 Exception <a 'java/lang/ClassNotFoundException'{0x00000006249c77f8}: sun/awt/resources/spi/awtProvider> (0x00000006249c77f8) 
thrown [s\open\src\hotspot\share\classfile\systemDictionary.cpp, line 313]
Event: 0.069 Thread 0x0000021d2c2d3670 Exception <a 'java/io/FileNotFoundException'{0x0000000624b8cea8}> (0x0000000624b8cea8) 
thrown [s\open\src\hotspot\share\prims\jni.cpp, line 520]
Event: 0.074 Thread 0x0000021d2c2d3670 Exception <a 'java/io/FileNotFoundException'{0x0000000624bbb230}> (0x0000000624bbb230) 
thrown [s\open\src\hotspot\share\prims\jni.cpp, line 520]
Event: 0.220 Thread 0x0000021d2c2d3670 Exception <a 'java/lang/NoSuchMethodError'{0x0000000624459870}: 'void java.lang.invoke.DirectMethodHandle$Holder.invokeSpecial(java.lang.Object, java.lang.Object, java.lang.Object)'> (0x0000000624459870) 
thrown [s\open\src\hotspot\share\interpreter\linkResolver.cpp, line 796]
Event: 0.227 Thread 0x0000021d2c2d3670 Exception <a 'java/lang/NoSuchMethodError'{0x000000062459ef90}: 'java.lang.Object java.lang.invoke.DirectMethodHandle$Holder.invokeStatic(java.lang.Object, int, java.lang.Object)'> (0x000000062459ef90) 
thrown [s\open\src\hotspot\share\interpreter\linkResolver.cpp, line 796]
Event: 0.237 Thread 0x0000021d2c2d3670 Exception <a 'java/lang/ClassNotFoundException'{0x00000006246417b8}: com/sun/swing/internal/plaf/metal/resources/spi/metalProvider> (0x00000006246417b8) 
thrown [s\open\src\hotspot\share\classfile\systemDictionary.cpp, line 313]
Event: 0.238 Thread 0x0000021d2c2d3670 Exception <a 'java/lang/ClassNotFoundException'{0x00000006246457f8}: com/sun/swing/internal/plaf/basic/resources/spi/basicProvider> (0x00000006246457f8) 
thrown [s\open\src\hotspot\share\classfile\systemDictionary.cpp, line 313]
Event: 0.244 Thread 0x0000021d2c2d3670 Exception <a 'java/lang/NoSuchMethodError'{0x0000000624665820}: 'int java.lang.invoke.Invokers$Holder.invokeExact_MT(java.lang.Object, java.lang.Object)'> (0x0000000624665820) 
thrown [s\open\src\hotspot\share\interpreter\linkResolver.cpp, line 796]
Event: 0.249 Thread 0x0000021d53b21910 Exception <a 'java/lang/NoSuchMethodError'{0x0000000624504880}: 'void java.lang.invoke.DirectMethodHandle$Holder.invokeVirtual(java.lang.Object, java.lang.Object)'> (0x0000000624504880) 
thrown [s\open\src\hotspot\share\interpreter\linkResolver.cpp, line 796]
Event: 0.257 Thread 0x0000021d2c2d3670 Exception <a 'java/lang/NoSuchMethodError'{0x0000000624692f08}: 'void java.lang.invoke.DirectMethodHandle$Holder.invokeStaticInit(java.lang.Object)'> (0x0000000624692f08) 
thrown [s\open\src\hotspot\share\interpreter\linkResolver.cpp, line 796]
Event: 1.304 Thread 0x0000021d9a51f950 Exception <a 'java/lang/ArrayIndexOutOfBoundsException'{0x00000006241efc70}: Index 1 out of bounds for length 1> (0x00000006241efc70) 
thrown [s\open\src\hotspot\share\interpreter\interpreterRuntime.cpp, line 422]

VM Operations (12 events):
Event: 0.079 Executing VM operation: HandshakeAllThreads (Deoptimize)
Event: 0.079 Executing VM operation: HandshakeAllThreads (Deoptimize) done
Event: 0.237 Executing VM operation: HandshakeAllThreads (Deoptimize)
Event: 0.237 Executing VM operation: HandshakeAllThreads (Deoptimize) done
Event: 0.252 Executing VM operation: HandshakeAllThreads (Deoptimize)
Event: 0.252 Executing VM operation: HandshakeAllThreads (Deoptimize) done
Event: 0.336 Executing VM operation: HandshakeAllThreads (Deoptimize)
Event: 0.336 Executing VM operation: HandshakeAllThreads (Deoptimize) done
Event: 60.151 Executing VM operation: HandshakeAllThreads (HandshakeForDeflation)
Event: 60.151 Executing VM operation: HandshakeAllThreads (HandshakeForDeflation) done
Event: 60.151 Executing VM operation: RendezvousGCThreads
Event: 60.151 Executing VM operation: RendezvousGCThreads done

Memory protections (0 events):
No events

Nmethod flushes (0 events):
No events

Events (20 events):
Event: 0.024 Thread 0x0000021d2c2d3670 Thread added: 0x0000021d53b239e0
Event: 0.024 Thread 0x0000021d2c2d3670 Thread added: 0x0000021d53b3b9b0
Event: 0.024 Thread 0x0000021d2c2d3670 Thread added: 0x0000021d53b40090
Event: 0.031 Thread 0x0000021d53b3b9b0 Thread added: 0x0000021d53c3a920
Event: 0.032 Thread 0x0000021d53b40090 Thread added: 0x0000021d53cd1470
Event: 0.033 Thread 0x0000021d2c2d3670 Thread added: 0x0000021d53b23350
Event: 0.035 Thread 0x0000021d2c2d3670 Thread added: 0x0000021d53b20bf0
Event: 0.102 Thread 0x0000021d2c2d3670 Thread added: 0x0000021d53b21280
Event: 0.103 Thread 0x0000021d2c2d3670 Thread added: 0x0000021d53b22cc0
Event: 0.104 Thread 0x0000021d2c2d3670 Thread added: 0x0000021d53b21910
Event: 0.246 Thread 0x0000021d2c2d3670 Thread added: 0x0000021d9a51f950
Event: 0.296 Thread 0x0000021d9a51f950 Thread added: 0x0000021d9a5189c0
Event: 0.318 Thread 0x0000021d53c3a920 Thread added: 0x0000021d9a5b0980
Event: 0.329 Thread 0x0000021d53cd1470 Thread added: 0x0000021d9a5e93b0
Event: 0.366 Thread 0x0000021d2c2d3670 Thread exited: 0x0000021d2c2d3670
Event: 0.366 Thread 0x0000021d9a51e5a0 Thread added: 0x0000021d9a51e5a0
Event: 0.577 Thread 0x0000021d9a5b0980 Thread exited: 0x0000021d9a5b0980
Event: 6.404 Thread 0x0000021d9a5e93b0 Thread exited: 0x0000021d9a5e93b0
Event: 11.405 Thread 0x0000021d53cd1470 Thread exited: 0x0000021d53cd1470
Event: 11.405 Thread 0x0000021d53c3a920 Thread exited: 0x0000021d53c3a920


Dynamic libraries:
0x00007ff7d9df0000 - 0x00007ff7d9e00000 	C:\Program Files\Java\jdk-23\bin\javaw.exe
0x00007ffd96950000 - 0x00007ffd96b48000 	C:\Windows\SYSTEM32\ntdll.dll
0x00007ffd958a0000 - 0x00007ffd95962000 	C:\Windows\System32\KERNEL32.DLL
0x00007ffd942d0000 - 0x00007ffd945ce000 	C:\Windows\System32\KERNELBASE.dll
0x00007ffd94030000 - 0x00007ffd94130000 	C:\Windows\System32\ucrtbase.dll
0x00007ffd90f20000 - 0x00007ffd90f3b000 	C:\Program Files\Java\jdk-23\bin\VCRUNTIME140.dll
0x00007ffd90f40000 - 0x00007ffd90f57000 	C:\Program Files\Java\jdk-23\bin\jli.dll
0x00007ffd95ca0000 - 0x00007ffd95e3d000 	C:\Windows\System32\USER32.dll
0x00007ffd947f0000 - 0x00007ffd94812000 	C:\Windows\System32\win32u.dll
0x00007ffd7e920000 - 0x00007ffd7ebba000 	C:\Windows\WinSxS\amd64_microsoft.windows.common-controls_6595b64144ccf1df_6.0.19041.4355_none_60b8b9eb71f62e16\COMCTL32.dll
0x00007ffd962b0000 - 0x00007ffd962db000 	C:\Windows\System32\GDI32.dll
0x00007ffd96640000 - 0x00007ffd966de000 	C:\Windows\System32\msvcrt.dll
0x00007ffd94660000 - 0x00007ffd94777000 	C:\Windows\System32\gdi32full.dll
0x00007ffd94180000 - 0x00007ffd9421d000 	C:\Windows\System32\msvcp_win.dll
0x00007ffd94cc0000 - 0x00007ffd94cef000 	C:\Windows\System32\IMM32.DLL
0x00007ffd899f0000 - 0x00007ffd899fc000 	C:\Program Files\Java\jdk-23\bin\vcruntime140_1.dll
0x00007ffd44c70000 - 0x00007ffd44cfe000 	C:\Program Files\Java\jdk-23\bin\msvcp140.dll
0x00007ffcf7250000 - 0x00007ffcf7f9f000 	C:\Program Files\Java\jdk-23\bin\server\jvm.dll
0x00007ffd96800000 - 0x00007ffd968b0000 	C:\Windows\System32\ADVAPI32.dll
0x00007ffd95ad0000 - 0x00007ffd95b70000 	C:\Windows\System32\sechost.dll
0x00007ffd95b70000 - 0x00007ffd95c93000 	C:\Windows\System32\RPCRT4.dll
0x00007ffd94000000 - 0x00007ffd94027000 	C:\Windows\System32\bcrypt.dll
0x00007ffd95a60000 - 0x00007ffd95acb000 	C:\Windows\System32\WS2_32.dll
0x00007ffd93530000 - 0x00007ffd9357b000 	C:\Windows\SYSTEM32\POWRPROF.dll
0x00007ffd86920000 - 0x00007ffd86947000 	C:\Windows\SYSTEM32\WINMM.dll
0x00007ffd89a60000 - 0x00007ffd89a6a000 	C:\Windows\SYSTEM32\VERSION.dll
0x00007ffd93400000 - 0x00007ffd93412000 	C:\Windows\SYSTEM32\UMPDC.dll
0x00007ffd927e0000 - 0x00007ffd927f2000 	C:\Windows\SYSTEM32\kernel.appcore.dll
0x00007ffd899e0000 - 0x00007ffd899ea000 	C:\Program Files\Java\jdk-23\bin\jimage.dll
0x00007ffd924d0000 - 0x00007ffd926b4000 	C:\Windows\SYSTEM32\DBGHELP.DLL
0x00007ffd76020000 - 0x00007ffd76054000 	C:\Windows\SYSTEM32\dbgcore.DLL
0x00007ffd945d0000 - 0x00007ffd94652000 	C:\Windows\System32\bcryptPrimitives.dll
0x00007ffd898d0000 - 0x00007ffd898ee000 	C:\Program Files\Java\jdk-23\bin\java.dll
0x00007ffd964b0000 - 0x00007ffd965db000 	C:\Windows\System32\ole32.dll
0x00007ffd95540000 - 0x00007ffd95893000 	C:\Windows\System32\combase.dll
0x00007ffd94cf0000 - 0x00007ffd9545f000 	C:\Windows\System32\SHELL32.dll
0x00007ffd91c50000 - 0x00007ffd923f4000 	C:\Windows\SYSTEM32\windows.storage.dll
0x00007ffd93a30000 - 0x00007ffd93a5e000 	C:\Windows\SYSTEM32\Wldp.dll
0x00007ffd95460000 - 0x00007ffd9552d000 	C:\Windows\System32\OLEAUT32.dll
0x00007ffd94b30000 - 0x00007ffd94bdd000 	C:\Windows\System32\SHCORE.dll
0x00007ffd968b0000 - 0x00007ffd96905000 	C:\Windows\System32\shlwapi.dll
0x00007ffd93f30000 - 0x00007ffd93f54000 	C:\Windows\SYSTEM32\profapi.dll
0x00007ffd44b90000 - 0x00007ffd44c67000 	C:\Program Files\Java\jdk-23\bin\jsvml.dll
0x00007ffd432c0000 - 0x00007ffd4344e000 	C:\Program Files\Java\jdk-23\bin\awt.dll
0x00007ffd90940000 - 0x00007ffd909d4000 	C:\Windows\SYSTEM32\apphelp.dll
0x00007ffd91670000 - 0x00007ffd9169f000 	C:\Windows\system32\DWMAPI.DLL
0x00007ffd914e0000 - 0x00007ffd9157e000 	C:\Windows\system32\uxtheme.dll
0x00007ffd8de40000 - 0x00007ffd8df68000 	C:\Windows\system32\opengl32.dll
0x00007ffd8e440000 - 0x00007ffd8e46c000 	C:\Windows\SYSTEM32\GLU32.dll
0x00007ffd966e0000 - 0x00007ffd967f5000 	C:\Windows\System32\MSCTF.dll
0x00007ffd93bc0000 - 0x00007ffd93bd2000 	C:\Windows\SYSTEM32\msasn1.dll
0x00007ffd88fa0000 - 0x00007ffd88fd1000 	C:\Windows\SYSTEM32\cryptnet.dll
0x00007ffd94820000 - 0x00007ffd9497c000 	C:\Windows\System32\CRYPT32.dll
0x00007ffd93980000 - 0x00007ffd9398c000 	C:\Windows\SYSTEM32\cryptbase.dll
0x00007ffd88df0000 - 0x00007ffd88f37000 	C:\Windows\SYSTEM32\drvstore.dll
0x00007ffd93d90000 - 0x00007ffd93dc3000 	C:\Windows\SYSTEM32\devobj.dll
0x00007ffd94130000 - 0x00007ffd9417e000 	C:\Windows\System32\cfgmgr32.dll
0x00007ffd94780000 - 0x00007ffd947e9000 	C:\Windows\System32\wintrust.dll
0x00007ffd96490000 - 0x00007ffd964ad000 	C:\Windows\System32\imagehlp.dll
0x00007ffd93990000 - 0x00007ffd939a8000 	C:\Windows\SYSTEM32\CRYPTSP.dll
0x00007ffd93010000 - 0x00007ffd93044000 	C:\Windows\system32\rsaenh.dll
0x00007ffd3b440000 - 0x00007ffd3b710000 	C:\Windows\system32\nvspcap64.dll
0x00007ffd93270000 - 0x00007ffd932a3000 	C:\Windows\SYSTEM32\ntmarta.dll
0x00007ffd92800000 - 0x00007ffd92823000 	C:\Windows\SYSTEM32\gpapi.dll
0x00007ffd3c030000 - 0x00007ffd3c185000 	C:\Windows\System32\DriverStore\FileRepository\nvhmi.inf_amd64_4a6e3add73c4708a\nvppex.dll
0x00007ffd88f60000 - 0x00007ffd88f9b000 	C:\Windows\SYSTEM32\dxcore.dll
0x00007ffd42d90000 - 0x00007ffd42e17000 	C:\Program Files\Java\jdk-23\bin\freetype.dll
0x00007ffd42cb0000 - 0x00007ffd42d87000 	C:\Program Files\Java\jdk-23\bin\fontmanager.dll
0x00007ffd70730000 - 0x00007ffd70829000 	C:\Windows\SYSTEM32\textinputframework.dll
0x00007ffd905e0000 - 0x00007ffd906d2000 	C:\Windows\System32\CoreMessaging.dll
0x00007ffd8fe20000 - 0x00007ffd9017b000 	C:\Windows\System32\CoreUIComponents.dll
0x00007ffd8ee20000 - 0x00007ffd8ef77000 	C:\Windows\SYSTEM32\wintypes.dll
0x00007ffd898c0000 - 0x00007ffd898d0000 	C:\Program Files\Java\jdk-23\bin\net.dll
0x00007ffd93790000 - 0x00007ffd937fa000 	C:\Windows\system32\mswsock.dll
0x00007ffd6a460000 - 0x00007ffd6a476000 	C:\Program Files\Java\jdk-23\bin\nio.dll

dbghelp: loaded successfully - version: 4.0.5 - missing functions: none
symbol engine: initialized successfully - sym options: 0x614 - pdb path: .;C:\Program Files\Java\jdk-23\bin;C:\Windows\SYSTEM32;C:\Windows\WinSxS\amd64_microsoft.windows.common-controls_6595b64144ccf1df_6.0.19041.4355_none_60b8b9eb71f62e16;C:\Program Files\Java\jdk-23\bin\server;C:\Windows\System32\DriverStore\FileRepository\nvhmi.inf_amd64_4a6e3add73c4708a

VM Arguments:
jvm_args: -Dfile.encoding=UTF-8 -Dstdout.encoding=UTF-8 -Dstderr.encoding=UTF-8 -XX:+ShowCodeDetailsInExceptionMessages 
java_command: controlador.Main
java_class_path (initial): C:\Users\alexs\eclipse-workspace\AplicacionAccesoDatosGestorAvanzado\bin
Launcher Type: SUN_STANDARD

[Global flags]
     intx CICompilerCount                          = 12                                        {product} {ergonomic}
     uint ConcGCThreads                            = 4                                         {product} {ergonomic}
     uint G1ConcRefinementThreads                  = 15                                        {product} {ergonomic}
   size_t G1HeapRegionSize                         = 4194304                                   {product} {ergonomic}
   size_t InitialHeapSize                          = 532676608                                 {product} {ergonomic}
   size_t MarkStackSize                            = 4194304                                   {product} {ergonomic}
   size_t MarkStackSizeMax                         = 536870912                                 {product} {ergonomic}
   size_t MaxHeapSize                              = 8506048512                                {product} {ergonomic}
   size_t MaxNewSize                               = 5100273664                                {product} {ergonomic}
   size_t MinHeapDeltaBytes                        = 4194304                                   {product} {ergonomic}
   size_t MinHeapSize                              = 8388608                                   {product} {ergonomic}
    uintx NonNMethodCodeHeapSize                   = 7602176                                {pd product} {ergonomic}
    uintx NonProfiledCodeHeapSize                  = 122093568                              {pd product} {ergonomic}
    uintx ProfiledCodeHeapSize                     = 121962496                              {pd product} {ergonomic}
    uintx ReservedCodeCacheSize                    = 251658240                              {pd product} {ergonomic}
     bool SegmentedCodeCache                       = true                                      {product} {ergonomic}
     bool ShowCodeDetailsInExceptionMessages       = true                                   {manageable} {command line}
   size_t SoftMaxHeapSize                          = 8506048512                             {manageable} {ergonomic}
     bool UseCompressedOops                        = true                           {product lp64_product} {ergonomic}
     bool UseG1GC                                  = true                                      {product} {ergonomic}
     bool UseLargePagesIndividualAllocation        = false                                  {pd product} {ergonomic}

Logging:
Log output configuration:
 #0: stdout all=warning uptime,level,tags foldmultilines=false
 #1: stderr all=off uptime,level,tags foldmultilines=false

Environment Variables:
JAVA_HOME=C:\Program Files\Java\jdk-23
PATH=C:\Program Files\Common Files\Oracle\Java\javapath;C:\Program Files (x86)\Common Files\Oracle\Java\java8path;C:\Program Files (x86)\Common Files\Oracle\Java\javapath;C:\Windows\system32;C:\Windows;C:\Windows\System32\Wbem;C:\Windows\System32\WindowsPowerShell\v1.0\;C:\Windows\System32\OpenSSH\;C:\Program Files (x86)\NVIDIA Corporation\PhysX\Common;C:\Program Files\NVIDIA Corporation\NVIDIA NvDLISR;C:\MinGW\bin;C:\MinGW\bin\;C:\Program Files\nodejs\;C:\ProgramData\chocolatey\bin;C:\Users\alexs\AppData\Local\Programs\Python\Python312\Scripts;C:\Program Files\Docker\Docker\resources\bin;C:\apache-maven-3.9.6-bin\apache-maven-3.9.6\bin;C:\Program Files\Git\cmd;C:\Users\alexs\AppData\Local\Programs\Python\Python312\Scripts\;C:\Users\alexs\AppData\Local\Programs\Python\Python312\;C:\Users\alexs\AppData\Local\Microsoft\WindowsApps;C:\Users\alexs\AppData\Local\Programs\Microsoft VS Code\bin;C:\Users\alexs\AppData\Roaming\npm;C:\Program Files\MongoDB\Server\7.0\bin;;%IntelliJ IDEA%
USERNAME=alexs
OS=Windows_NT
PROCESSOR_IDENTIFIER=Intel64 Family 6 Model 154 Stepping 3, GenuineIntel
TMP=C:\Users\alexs\AppData\Local\Temp
TEMP=C:\Users\alexs\AppData\Local\Temp




Periodic native trim disabled

---------------  S Y S T E M  ---------------

OS:
 Windows 10 , 64 bit Build 19041 (10.0.19041.4957)
OS uptime: 0 days 0:11 hours
Hyper-V role detected

CPU: total 20 (initial active 20) (10 cores per cpu, 2 threads per core) family 6 model 154 stepping 3 microcode 0x413, cx8, cmov, fxsr, ht, mmx, 3dnowpref, sse, sse2, sse3, ssse3, sse4.1, sse4.2, popcnt, lzcnt, tsc, tscinvbit, avx, avx2, aes, erms, clmul, bmi1, bmi2, adx, sha, fma, vzeroupper, clflush, clflushopt, clwb, hv, rdtscp, rdpid, fsrm, gfni, f16c, cet_ibt, cet_ss
Processor Information for processor 0
  Max Mhz: 2300, Current Mhz: 2300, Mhz Limit: 2300
Processor Information for processor 1
  Max Mhz: 2300, Current Mhz: 2300, Mhz Limit: 2300
Processor Information for processor 2
  Max Mhz: 2300, Current Mhz: 2300, Mhz Limit: 2300
Processor Information for processor 3
  Max Mhz: 2300, Current Mhz: 2300, Mhz Limit: 2300
Processor Information for processor 4
  Max Mhz: 2300, Current Mhz: 2300, Mhz Limit: 2300
Processor Information for processor 5
  Max Mhz: 2300, Current Mhz: 2300, Mhz Limit: 2300
Processor Information for processor 6
  Max Mhz: 2300, Current Mhz: 2300, Mhz Limit: 2300
Processor Information for processor 7
  Max Mhz: 2300, Current Mhz: 2300, Mhz Limit: 2300
Processor Information for processor 8
  Max Mhz: 2300, Current Mhz: 2300, Mhz Limit: 2300
Processor Information for processor 9
  Max Mhz: 2300, Current Mhz: 2300, Mhz Limit: 2300
Processor Information for processor 10
  Max Mhz: 2300, Current Mhz: 2300, Mhz Limit: 2300
Processor Information for processor 11
  Max Mhz: 2300, Current Mhz: 2300, Mhz Limit: 2300
Processor Information for processor 12
  Max Mhz: 2300, Current Mhz: 1700, Mhz Limit: 1679
Processor Information for processor 13
  Max Mhz: 2300, Current Mhz: 1700, Mhz Limit: 1679
Processor Information for processor 14
  Max Mhz: 2300, Current Mhz: 1700, Mhz Limit: 1679
Processor Information for processor 15
  Max Mhz: 2300, Current Mhz: 1700, Mhz Limit: 1679
Processor Information for processor 16
  Max Mhz: 2300, Current Mhz: 1700, Mhz Limit: 1679
Processor Information for processor 17
  Max Mhz: 2300, Current Mhz: 1700, Mhz Limit: 1679
Processor Information for processor 18
  Max Mhz: 2300, Current Mhz: 1700, Mhz Limit: 1679
Processor Information for processor 19
  Max Mhz: 2300, Current Mhz: 1700, Mhz Limit: 1679

Memory: 4k page, system-wide physical 32435M (23745M free)
TotalPageFile size 34483M (AvailPageFile size 24848M)
current process WorkingSet (physical memory assigned to process): 65M, peak: 89M
current process commit charge ("private bytes"): 627M, peak: 674M

vm_info: Java HotSpot(TM) 64-Bit Server VM (23+37-2369) for windows-amd64 JRE (23+37-2369), built on 2024-08-20T16:01:23Z with MS VC++ 17.6 (VS2022)

END.
